[2023-03-20 04:13:39 PM-train.py-INFO:epoch: 1, dataset: CVC-300, dice: 0.7640616666666668]
[2023-03-20 04:13:42 PM-train.py-INFO:epoch: 1, dataset: CVC-ClinicDB, dice: 0.7367629032258065]
[2023-03-20 04:13:47 PM-train.py-INFO:epoch: 1, dataset: Kvasir, dice: 0.7977239999999999]
[2023-03-20 04:14:07 PM-train.py-INFO:epoch: 1, dataset: CVC-ColonDB, dice: 0.6350257894736835]
[2023-03-20 04:14:31 PM-train.py-INFO:epoch: 1, dataset: ETIS-LaribPolypDB, dice: 0.5177423469387755]
[2023-03-20 04:14:31 PM-train.py-INFO:##############################################################################best:3.451316706304932 0.6902633412609864]
[2023-03-20 04:18:19 PM-train.py-INFO:epoch: 2, dataset: CVC-300, dice: 0.7650383333333335]
[2023-03-20 04:18:21 PM-train.py-INFO:epoch: 2, dataset: CVC-ClinicDB, dice: 0.8258887096774195]
[2023-03-20 04:18:27 PM-train.py-INFO:epoch: 2, dataset: Kvasir, dice: 0.8052170000000001]
[2023-03-20 04:18:47 PM-train.py-INFO:epoch: 2, dataset: CVC-ColonDB, dice: 0.6572731578947375]
[2023-03-20 04:19:10 PM-train.py-INFO:epoch: 2, dataset: ETIS-LaribPolypDB, dice: 0.6047857142857139]
[2023-03-20 04:19:10 PM-train.py-INFO:##############################################################################best:3.658202915191204 0.7316405830382408]
[2023-03-20 04:22:56 PM-train.py-INFO:epoch: 3, dataset: CVC-300, dice: 0.8407933333333334]
[2023-03-20 04:22:58 PM-train.py-INFO:epoch: 3, dataset: CVC-ClinicDB, dice: 0.8872693548387095]
[2023-03-20 04:23:04 PM-train.py-INFO:epoch: 3, dataset: Kvasir, dice: 0.8743619999999998]
[2023-03-20 04:23:24 PM-train.py-INFO:epoch: 3, dataset: CVC-ColonDB, dice: 0.7713034210526308]
[2023-03-20 04:23:47 PM-train.py-INFO:epoch: 3, dataset: ETIS-LaribPolypDB, dice: 0.709029591836735]
[2023-03-20 04:23:47 PM-train.py-INFO:##############################################################################best:4.082757701061409 0.8165515402122818]
[2023-03-20 04:27:38 PM-train.py-INFO:epoch: 4, dataset: CVC-300, dice: 0.8580133333333336]
[2023-03-20 04:27:41 PM-train.py-INFO:epoch: 4, dataset: CVC-ClinicDB, dice: 0.8729725806451613]
[2023-03-20 04:27:46 PM-train.py-INFO:epoch: 4, dataset: Kvasir, dice: 0.8937130000000001]
[2023-03-20 04:28:06 PM-train.py-INFO:epoch: 4, dataset: CVC-ColonDB, dice: 0.7505307894736839]
[2023-03-20 04:28:30 PM-train.py-INFO:epoch: 4, dataset: ETIS-LaribPolypDB, dice: 0.7457602040816325]
[2023-03-20 04:28:30 PM-train.py-INFO:##############################################################################best:4.1209899075338114 0.8241979815067623]
[2023-03-20 04:32:19 PM-train.py-INFO:epoch: 5, dataset: CVC-300, dice: 0.8759066666666665]
[2023-03-20 04:32:22 PM-train.py-INFO:epoch: 5, dataset: CVC-ClinicDB, dice: 0.868024193548387]
[2023-03-20 04:32:27 PM-train.py-INFO:epoch: 5, dataset: Kvasir, dice: 0.8489750000000003]
[2023-03-20 04:32:47 PM-train.py-INFO:epoch: 5, dataset: CVC-ColonDB, dice: 0.6930771052631579]
[2023-03-20 04:33:11 PM-train.py-INFO:epoch: 5, dataset: ETIS-LaribPolypDB, dice: 0.7299331632653063]
[2023-03-20 04:36:57 PM-train.py-INFO:epoch: 6, dataset: CVC-300, dice: 0.8764000000000002]
[2023-03-20 04:37:00 PM-train.py-INFO:epoch: 6, dataset: CVC-ClinicDB, dice: 0.9128177419354839]
[2023-03-20 04:37:05 PM-train.py-INFO:epoch: 6, dataset: Kvasir, dice: 0.9039010000000001]
[2023-03-20 04:37:26 PM-train.py-INFO:epoch: 6, dataset: CVC-ColonDB, dice: 0.7819586842105258]
[2023-03-20 04:37:49 PM-train.py-INFO:epoch: 6, dataset: ETIS-LaribPolypDB, dice: 0.7990204081632651]
[2023-03-20 04:37:49 PM-train.py-INFO:##############################################################################best:4.274097834309275 0.854819566861855]
[2023-03-20 04:41:33 PM-train.py-INFO:epoch: 7, dataset: CVC-300, dice: 0.8847983333333335]
[2023-03-20 04:41:36 PM-train.py-INFO:epoch: 7, dataset: CVC-ClinicDB, dice: 0.9186629032258062]
[2023-03-20 04:41:41 PM-train.py-INFO:epoch: 7, dataset: Kvasir, dice: 0.9058150000000001]
[2023-03-20 04:42:01 PM-train.py-INFO:epoch: 7, dataset: CVC-ColonDB, dice: 0.7664160526315792]
[2023-03-20 04:42:25 PM-train.py-INFO:epoch: 7, dataset: ETIS-LaribPolypDB, dice: 0.7497454081632657]
[2023-03-20 04:46:14 PM-train.py-INFO:epoch: 8, dataset: CVC-300, dice: 0.8882333333333333]
[2023-03-20 04:46:16 PM-train.py-INFO:epoch: 8, dataset: CVC-ClinicDB, dice: 0.9046935483870966]
[2023-03-20 04:46:22 PM-train.py-INFO:epoch: 8, dataset: Kvasir, dice: 0.9070710000000004]
[2023-03-20 04:46:42 PM-train.py-INFO:epoch: 8, dataset: CVC-ColonDB, dice: 0.7941944736842107]
[2023-03-20 04:47:05 PM-train.py-INFO:epoch: 8, dataset: ETIS-LaribPolypDB, dice: 0.733023979591837]
[2023-03-20 04:50:55 PM-train.py-INFO:epoch: 9, dataset: CVC-300, dice: 0.890405]
[2023-03-20 04:50:58 PM-train.py-INFO:epoch: 9, dataset: CVC-ClinicDB, dice: 0.8614209677419357]
[2023-03-20 04:51:03 PM-train.py-INFO:epoch: 9, dataset: Kvasir, dice: 0.868002]
[2023-03-20 04:51:24 PM-train.py-INFO:epoch: 9, dataset: CVC-ColonDB, dice: 0.7144460526315782]
[2023-03-20 04:51:47 PM-train.py-INFO:epoch: 9, dataset: ETIS-LaribPolypDB, dice: 0.6254540816326531]
[2023-03-20 04:55:36 PM-train.py-INFO:epoch: 10, dataset: CVC-300, dice: 0.8974916666666668]
[2023-03-20 04:55:39 PM-train.py-INFO:epoch: 10, dataset: CVC-ClinicDB, dice: 0.9098209677419355]
[2023-03-20 04:55:44 PM-train.py-INFO:epoch: 10, dataset: Kvasir, dice: 0.8911939999999998]
[2023-03-20 04:56:04 PM-train.py-INFO:epoch: 10, dataset: CVC-ColonDB, dice: 0.78747052631579]
[2023-03-20 04:56:27 PM-train.py-INFO:epoch: 10, dataset: ETIS-LaribPolypDB, dice: 0.7170653061224489]
[2023-03-20 05:00:19 PM-train.py-INFO:epoch: 11, dataset: CVC-300, dice: 0.8891283333333335]
[2023-03-20 05:00:22 PM-train.py-INFO:epoch: 11, dataset: CVC-ClinicDB, dice: 0.918164516129032]
[2023-03-20 05:00:27 PM-train.py-INFO:epoch: 11, dataset: Kvasir, dice: 0.9073270000000001]
[2023-03-20 05:00:47 PM-train.py-INFO:epoch: 11, dataset: CVC-ColonDB, dice: 0.7936063157894736]
[2023-03-20 05:01:10 PM-train.py-INFO:epoch: 11, dataset: ETIS-LaribPolypDB, dice: 0.7591290816326534]
[2023-03-20 05:04:57 PM-train.py-INFO:epoch: 12, dataset: CVC-300, dice: 0.8675250000000002]
[2023-03-20 05:04:59 PM-train.py-INFO:epoch: 12, dataset: CVC-ClinicDB, dice: 0.9150887096774196]
[2023-03-20 05:05:05 PM-train.py-INFO:epoch: 12, dataset: Kvasir, dice: 0.8930660000000005]
[2023-03-20 05:05:25 PM-train.py-INFO:epoch: 12, dataset: CVC-ColonDB, dice: 0.7683110526315788]
[2023-03-20 05:05:48 PM-train.py-INFO:epoch: 12, dataset: ETIS-LaribPolypDB, dice: 0.748658163265306]
[2023-03-20 05:09:42 PM-train.py-INFO:epoch: 13, dataset: CVC-300, dice: 0.8694183333333333]
[2023-03-20 05:09:44 PM-train.py-INFO:epoch: 13, dataset: CVC-ClinicDB, dice: 0.9206258064516128]
[2023-03-20 05:09:50 PM-train.py-INFO:epoch: 13, dataset: Kvasir, dice: 0.8997599999999999]
[2023-03-20 05:10:10 PM-train.py-INFO:epoch: 13, dataset: CVC-ColonDB, dice: 0.7888049999999999]
[2023-03-20 05:10:33 PM-train.py-INFO:epoch: 13, dataset: ETIS-LaribPolypDB, dice: 0.7654979591836734]
[2023-03-20 05:14:31 PM-train.py-INFO:epoch: 14, dataset: CVC-300, dice: 0.8612833333333335]
[2023-03-20 05:14:33 PM-train.py-INFO:epoch: 14, dataset: CVC-ClinicDB, dice: 0.9161064516129032]
[2023-03-20 05:14:39 PM-train.py-INFO:epoch: 14, dataset: Kvasir, dice: 0.9006220000000004]
[2023-03-20 05:14:59 PM-train.py-INFO:epoch: 14, dataset: CVC-ColonDB, dice: 0.7975392105263153]
[2023-03-20 05:15:22 PM-train.py-INFO:epoch: 14, dataset: ETIS-LaribPolypDB, dice: 0.7652602040816328]
[2023-03-20 05:19:15 PM-train.py-INFO:epoch: 15, dataset: CVC-300, dice: 0.8900133333333333]
[2023-03-20 05:19:17 PM-train.py-INFO:epoch: 15, dataset: CVC-ClinicDB, dice: 0.9227999999999997]
[2023-03-20 05:19:23 PM-train.py-INFO:epoch: 15, dataset: Kvasir, dice: 0.8913249999999997]
[2023-03-20 05:19:43 PM-train.py-INFO:epoch: 15, dataset: CVC-ColonDB, dice: 0.7852028947368422]
[2023-03-20 05:20:06 PM-train.py-INFO:epoch: 15, dataset: ETIS-LaribPolypDB, dice: 0.7410510204081628]
[2023-03-20 05:24:00 PM-train.py-INFO:epoch: 16, dataset: CVC-300, dice: 0.8745099999999998]
[2023-03-20 05:24:03 PM-train.py-INFO:epoch: 16, dataset: CVC-ClinicDB, dice: 0.9129854838709676]
[2023-03-20 05:24:08 PM-train.py-INFO:epoch: 16, dataset: Kvasir, dice: 0.9088870000000001]
[2023-03-20 05:24:28 PM-train.py-INFO:epoch: 16, dataset: CVC-ColonDB, dice: 0.7798697368421055]
[2023-03-20 05:24:51 PM-train.py-INFO:epoch: 16, dataset: ETIS-LaribPolypDB, dice: 0.7377602040816329]
[2023-03-20 05:28:45 PM-train.py-INFO:epoch: 17, dataset: CVC-300, dice: 0.8651616666666666]
[2023-03-20 05:28:47 PM-train.py-INFO:epoch: 17, dataset: CVC-ClinicDB, dice: 0.9096387096774194]
[2023-03-20 05:28:53 PM-train.py-INFO:epoch: 17, dataset: Kvasir, dice: 0.8915619999999994]
[2023-03-20 05:29:13 PM-train.py-INFO:epoch: 17, dataset: CVC-ColonDB, dice: 0.7844365789473685]
[2023-03-20 05:29:35 PM-train.py-INFO:epoch: 17, dataset: ETIS-LaribPolypDB, dice: 0.7409321428571429]
[2023-03-20 05:33:30 PM-train.py-INFO:epoch: 18, dataset: CVC-300, dice: 0.87884]
[2023-03-20 05:33:33 PM-train.py-INFO:epoch: 18, dataset: CVC-ClinicDB, dice: 0.9225516129032257]
[2023-03-20 05:33:38 PM-train.py-INFO:epoch: 18, dataset: Kvasir, dice: 0.9097569999999996]
[2023-03-20 05:33:58 PM-train.py-INFO:epoch: 18, dataset: CVC-ColonDB, dice: 0.7929923684210528]
[2023-03-20 05:34:21 PM-train.py-INFO:epoch: 18, dataset: ETIS-LaribPolypDB, dice: 0.7751397959183669]
[2023-03-20 05:34:21 PM-train.py-INFO:##############################################################################best:4.279280777242644 0.8558561554485289]
[2023-03-20 05:38:14 PM-train.py-INFO:epoch: 19, dataset: CVC-300, dice: 0.8796816666666668]
[2023-03-20 05:38:17 PM-train.py-INFO:epoch: 19, dataset: CVC-ClinicDB, dice: 0.9171096774193546]
[2023-03-20 05:38:22 PM-train.py-INFO:epoch: 19, dataset: Kvasir, dice: 0.9145680000000005]
[2023-03-20 05:38:42 PM-train.py-INFO:epoch: 19, dataset: CVC-ColonDB, dice: 0.790559210526317]
[2023-03-20 05:39:05 PM-train.py-INFO:epoch: 19, dataset: ETIS-LaribPolypDB, dice: 0.7838959183673472]
[2023-03-20 05:39:05 PM-train.py-INFO:##############################################################################best:4.285814472979686 0.8571628945959372]
[2023-03-20 05:43:01 PM-train.py-INFO:epoch: 20, dataset: CVC-300, dice: 0.8853033333333333]
[2023-03-20 05:43:03 PM-train.py-INFO:epoch: 20, dataset: CVC-ClinicDB, dice: 0.9406403225806449]
[2023-03-20 05:43:09 PM-train.py-INFO:epoch: 20, dataset: Kvasir, dice: 0.9132220000000001]
[2023-03-20 05:43:29 PM-train.py-INFO:epoch: 20, dataset: CVC-ColonDB, dice: 0.7926007894736848]
[2023-03-20 05:43:52 PM-train.py-INFO:epoch: 20, dataset: ETIS-LaribPolypDB, dice: 0.7835515306122454]
[2023-03-20 05:43:52 PM-train.py-INFO:##############################################################################best:4.315317975999909 0.8630635951999818]
[2023-03-20 05:47:49 PM-train.py-INFO:epoch: 21, dataset: CVC-300, dice: 0.8304433333333331]
[2023-03-20 05:47:51 PM-train.py-INFO:epoch: 21, dataset: CVC-ClinicDB, dice: 0.8976919354838708]
[2023-03-20 05:47:56 PM-train.py-INFO:epoch: 21, dataset: Kvasir, dice: 0.8902790000000003]
[2023-03-20 05:48:17 PM-train.py-INFO:epoch: 21, dataset: CVC-ColonDB, dice: 0.7596318421052624]
[2023-03-20 05:48:39 PM-train.py-INFO:epoch: 21, dataset: ETIS-LaribPolypDB, dice: 0.686988265306122]
[2023-03-20 05:52:36 PM-train.py-INFO:epoch: 22, dataset: CVC-300, dice: 0.8902516666666666]
[2023-03-20 05:52:38 PM-train.py-INFO:epoch: 22, dataset: CVC-ClinicDB, dice: 0.93511935483871]
[2023-03-20 05:52:44 PM-train.py-INFO:epoch: 22, dataset: Kvasir, dice: 0.906808]
[2023-03-20 05:53:04 PM-train.py-INFO:epoch: 22, dataset: CVC-ColonDB, dice: 0.7896152631578957]
[2023-03-20 05:53:27 PM-train.py-INFO:epoch: 22, dataset: ETIS-LaribPolypDB, dice: 0.751075]
[2023-03-20 05:57:10 PM-train.py-INFO:epoch: 23, dataset: CVC-300, dice: 0.8725133333333333]
[2023-03-20 05:57:13 PM-train.py-INFO:epoch: 23, dataset: CVC-ClinicDB, dice: 0.9292790322580647]
[2023-03-20 05:57:18 PM-train.py-INFO:epoch: 23, dataset: Kvasir, dice: 0.9060399999999994]
[2023-03-20 05:57:38 PM-train.py-INFO:epoch: 23, dataset: CVC-ColonDB, dice: 0.7984134210526324]
[2023-03-20 05:58:01 PM-train.py-INFO:epoch: 23, dataset: ETIS-LaribPolypDB, dice: 0.7619107142857142]
[2023-03-20 06:01:45 PM-train.py-INFO:epoch: 24, dataset: CVC-300, dice: 0.8826299999999997]
[2023-03-20 06:01:48 PM-train.py-INFO:epoch: 24, dataset: CVC-ClinicDB, dice: 0.9335370967741935]
[2023-03-20 06:01:53 PM-train.py-INFO:epoch: 24, dataset: Kvasir, dice: 0.9118099999999997]
[2023-03-20 06:02:13 PM-train.py-INFO:epoch: 24, dataset: CVC-ColonDB, dice: 0.8114123684210534]
[2023-03-20 06:02:37 PM-train.py-INFO:epoch: 24, dataset: ETIS-LaribPolypDB, dice: 0.7704617346938777]
[2023-03-20 06:06:20 PM-train.py-INFO:epoch: 25, dataset: CVC-300, dice: 0.8854733333333336]
[2023-03-20 06:06:23 PM-train.py-INFO:epoch: 25, dataset: CVC-ClinicDB, dice: 0.9316951612903224]
[2023-03-20 06:06:28 PM-train.py-INFO:epoch: 25, dataset: Kvasir, dice: 0.8779000000000002]
[2023-03-20 06:06:48 PM-train.py-INFO:epoch: 25, dataset: CVC-ColonDB, dice: 0.7736144736842105]
[2023-03-20 06:07:11 PM-train.py-INFO:epoch: 25, dataset: ETIS-LaribPolypDB, dice: 0.7504892857142859]
[2023-03-20 06:10:54 PM-train.py-INFO:epoch: 26, dataset: CVC-300, dice: 0.8645833333333335]
[2023-03-20 06:10:56 PM-train.py-INFO:epoch: 26, dataset: CVC-ClinicDB, dice: 0.8784693548387096]
[2023-03-20 06:11:02 PM-train.py-INFO:epoch: 26, dataset: Kvasir, dice: 0.8440030000000001]
[2023-03-20 06:11:21 PM-train.py-INFO:epoch: 26, dataset: CVC-ColonDB, dice: 0.7003226315789475]
[2023-03-20 06:11:45 PM-train.py-INFO:epoch: 26, dataset: ETIS-LaribPolypDB, dice: 0.5878418367346939]
[2023-03-20 06:15:28 PM-train.py-INFO:epoch: 27, dataset: CVC-300, dice: 0.8624033333333333]
[2023-03-20 06:15:31 PM-train.py-INFO:epoch: 27, dataset: CVC-ClinicDB, dice: 0.9387967741935485]
[2023-03-20 06:15:36 PM-train.py-INFO:epoch: 27, dataset: Kvasir, dice: 0.9128779999999997]
[2023-03-20 06:15:56 PM-train.py-INFO:epoch: 27, dataset: CVC-ColonDB, dice: 0.7992423684210519]
[2023-03-20 06:16:19 PM-train.py-INFO:epoch: 27, dataset: ETIS-LaribPolypDB, dice: 0.7439423469387756]
[2023-03-20 06:20:01 PM-train.py-INFO:epoch: 28, dataset: CVC-300, dice: 0.8811549999999998]
[2023-03-20 06:20:03 PM-train.py-INFO:epoch: 28, dataset: CVC-ClinicDB, dice: 0.9141596774193546]
[2023-03-20 06:20:09 PM-train.py-INFO:epoch: 28, dataset: Kvasir, dice: 0.9119620000000002]
[2023-03-20 06:20:29 PM-train.py-INFO:epoch: 28, dataset: CVC-ColonDB, dice: 0.7766560526315788]
[2023-03-20 06:20:53 PM-train.py-INFO:epoch: 28, dataset: ETIS-LaribPolypDB, dice: 0.761292346938776]
[2023-03-20 06:24:35 PM-train.py-INFO:epoch: 29, dataset: CVC-300, dice: 0.8871516666666664]
[2023-03-20 06:24:37 PM-train.py-INFO:epoch: 29, dataset: CVC-ClinicDB, dice: 0.925359677419355]
[2023-03-20 06:24:43 PM-train.py-INFO:epoch: 29, dataset: Kvasir, dice: 0.9225639999999997]
[2023-03-20 06:25:03 PM-train.py-INFO:epoch: 29, dataset: CVC-ColonDB, dice: 0.788611842105263]
[2023-03-20 06:25:26 PM-train.py-INFO:epoch: 29, dataset: ETIS-LaribPolypDB, dice: 0.7619938775510202]
[2023-03-20 06:29:09 PM-train.py-INFO:epoch: 30, dataset: CVC-300, dice: 0.8867016666666667]
[2023-03-20 06:29:12 PM-train.py-INFO:epoch: 30, dataset: CVC-ClinicDB, dice: 0.9263112903225805]
[2023-03-20 06:29:17 PM-train.py-INFO:epoch: 30, dataset: Kvasir, dice: 0.9153140000000001]
[2023-03-20 06:29:37 PM-train.py-INFO:epoch: 30, dataset: CVC-ColonDB, dice: 0.7851502631578945]
[2023-03-20 06:30:00 PM-train.py-INFO:epoch: 30, dataset: ETIS-LaribPolypDB, dice: 0.7692714285714289]
[2023-03-20 06:33:42 PM-train.py-INFO:epoch: 31, dataset: CVC-300, dice: 0.8868849999999999]
[2023-03-20 06:33:45 PM-train.py-INFO:epoch: 31, dataset: CVC-ClinicDB, dice: 0.9236306451612907]
[2023-03-20 06:33:50 PM-train.py-INFO:epoch: 31, dataset: Kvasir, dice: 0.9141160000000004]
[2023-03-20 06:34:10 PM-train.py-INFO:epoch: 31, dataset: CVC-ColonDB, dice: 0.792993947368421]
[2023-03-20 06:34:34 PM-train.py-INFO:epoch: 31, dataset: ETIS-LaribPolypDB, dice: 0.7666045918367351]
[2023-03-20 06:38:16 PM-train.py-INFO:epoch: 32, dataset: CVC-300, dice: 0.8816533333333335]
[2023-03-20 06:38:18 PM-train.py-INFO:epoch: 32, dataset: CVC-ClinicDB, dice: 0.9243193548387102]
[2023-03-20 06:38:24 PM-train.py-INFO:epoch: 32, dataset: Kvasir, dice: 0.9137200000000004]
[2023-03-20 06:38:44 PM-train.py-INFO:epoch: 32, dataset: CVC-ColonDB, dice: 0.7889376315789477]
[2023-03-20 06:39:07 PM-train.py-INFO:epoch: 32, dataset: ETIS-LaribPolypDB, dice: 0.7387158163265308]
[2023-03-20 06:42:51 PM-train.py-INFO:epoch: 33, dataset: CVC-300, dice: 0.8803566666666668]
[2023-03-20 06:42:54 PM-train.py-INFO:epoch: 33, dataset: CVC-ClinicDB, dice: 0.9183145161290321]
[2023-03-20 06:42:59 PM-train.py-INFO:epoch: 33, dataset: Kvasir, dice: 0.9119009999999999]
[2023-03-20 06:43:19 PM-train.py-INFO:epoch: 33, dataset: CVC-ColonDB, dice: 0.7851878947368407]
[2023-03-20 06:43:42 PM-train.py-INFO:epoch: 33, dataset: ETIS-LaribPolypDB, dice: 0.7473443877551019]
[2023-03-20 06:47:24 PM-train.py-INFO:epoch: 34, dataset: CVC-300, dice: 0.8896116666666668]
[2023-03-20 06:47:27 PM-train.py-INFO:epoch: 34, dataset: CVC-ClinicDB, dice: 0.9222064516129034]
[2023-03-20 06:47:32 PM-train.py-INFO:epoch: 34, dataset: Kvasir, dice: 0.9079629999999999]
[2023-03-20 06:47:52 PM-train.py-INFO:epoch: 34, dataset: CVC-ColonDB, dice: 0.7860513157894737]
[2023-03-20 06:48:15 PM-train.py-INFO:epoch: 34, dataset: ETIS-LaribPolypDB, dice: 0.739337244897959]
[2023-03-20 06:51:57 PM-train.py-INFO:epoch: 35, dataset: CVC-300, dice: 0.8880283333333334]
[2023-03-20 06:51:59 PM-train.py-INFO:epoch: 35, dataset: CVC-ClinicDB, dice: 0.935241935483871]
[2023-03-20 06:52:04 PM-train.py-INFO:epoch: 35, dataset: Kvasir, dice: 0.910943]
[2023-03-20 06:52:24 PM-train.py-INFO:epoch: 35, dataset: CVC-ColonDB, dice: 0.7931063157894741]
[2023-03-20 06:52:48 PM-train.py-INFO:epoch: 35, dataset: ETIS-LaribPolypDB, dice: 0.7391071428571433]
[2023-03-20 06:56:32 PM-train.py-INFO:epoch: 36, dataset: CVC-300, dice: 0.8833266666666671]
[2023-03-20 06:56:34 PM-train.py-INFO:epoch: 36, dataset: CVC-ClinicDB, dice: 0.9267983870967742]
[2023-03-20 06:56:39 PM-train.py-INFO:epoch: 36, dataset: Kvasir, dice: 0.9124740000000006]
[2023-03-20 06:57:00 PM-train.py-INFO:epoch: 36, dataset: CVC-ColonDB, dice: 0.7702110526315793]
[2023-03-20 06:57:24 PM-train.py-INFO:epoch: 36, dataset: ETIS-LaribPolypDB, dice: 0.745487755102041]
[2023-03-20 07:01:07 PM-train.py-INFO:epoch: 37, dataset: CVC-300, dice: 0.8851350000000002]
[2023-03-20 07:01:09 PM-train.py-INFO:epoch: 37, dataset: CVC-ClinicDB, dice: 0.9278645161290322]
[2023-03-20 07:01:15 PM-train.py-INFO:epoch: 37, dataset: Kvasir, dice: 0.9152810000000001]
[2023-03-20 07:01:35 PM-train.py-INFO:epoch: 37, dataset: CVC-ColonDB, dice: 0.7854773684210531]
[2023-03-20 07:01:59 PM-train.py-INFO:epoch: 37, dataset: ETIS-LaribPolypDB, dice: 0.7429096938775515]
[2023-03-20 07:05:51 PM-train.py-INFO:epoch: 38, dataset: CVC-300, dice: 0.8052066666666667]
[2023-03-20 07:05:53 PM-train.py-INFO:epoch: 38, dataset: CVC-ClinicDB, dice: 0.8505725806451614]
[2023-03-20 07:05:59 PM-train.py-INFO:epoch: 38, dataset: Kvasir, dice: 0.8811199999999999]
[2023-03-20 07:06:19 PM-train.py-INFO:epoch: 38, dataset: CVC-ColonDB, dice: 0.6594994736842104]
[2023-03-20 07:06:42 PM-train.py-INFO:epoch: 38, dataset: ETIS-LaribPolypDB, dice: 0.5725612244897956]
[2023-03-20 07:10:32 PM-train.py-INFO:epoch: 39, dataset: CVC-300, dice: 0.903913333333333]
[2023-03-20 07:10:35 PM-train.py-INFO:epoch: 39, dataset: CVC-ClinicDB, dice: 0.8975629032258065]
[2023-03-20 07:10:40 PM-train.py-INFO:epoch: 39, dataset: Kvasir, dice: 0.9032259999999996]
[2023-03-20 07:11:01 PM-train.py-INFO:epoch: 39, dataset: CVC-ColonDB, dice: 0.7753734210526316]
[2023-03-20 07:11:24 PM-train.py-INFO:epoch: 39, dataset: ETIS-LaribPolypDB, dice: 0.7210076530612245]
[2023-03-20 07:15:12 PM-train.py-INFO:epoch: 40, dataset: CVC-300, dice: 0.8956116666666667]
[2023-03-20 07:15:14 PM-train.py-INFO:epoch: 40, dataset: CVC-ClinicDB, dice: 0.9034387096774195]
[2023-03-20 07:15:20 PM-train.py-INFO:epoch: 40, dataset: Kvasir, dice: 0.9130110000000002]
[2023-03-20 07:15:40 PM-train.py-INFO:epoch: 40, dataset: CVC-ColonDB, dice: 0.7882486842105265]
[2023-03-20 07:16:03 PM-train.py-INFO:epoch: 40, dataset: ETIS-LaribPolypDB, dice: 0.7279969387755106]
[2023-03-20 07:19:51 PM-train.py-INFO:epoch: 41, dataset: CVC-300, dice: 0.8976333333333333]
[2023-03-20 07:19:53 PM-train.py-INFO:epoch: 41, dataset: CVC-ClinicDB, dice: 0.9056080645161293]
[2023-03-20 07:19:59 PM-train.py-INFO:epoch: 41, dataset: Kvasir, dice: 0.9145009999999998]
[2023-03-20 07:20:19 PM-train.py-INFO:epoch: 41, dataset: CVC-ColonDB, dice: 0.7939968421052636]
[2023-03-20 07:20:42 PM-train.py-INFO:epoch: 41, dataset: ETIS-LaribPolypDB, dice: 0.7264714285714287]
[2023-03-20 07:24:36 PM-train.py-INFO:epoch: 42, dataset: CVC-300, dice: 0.8930750000000002]
[2023-03-20 07:24:39 PM-train.py-INFO:epoch: 42, dataset: CVC-ClinicDB, dice: 0.9077564516129033]
[2023-03-20 07:24:44 PM-train.py-INFO:epoch: 42, dataset: Kvasir, dice: 0.9147679999999998]
[2023-03-20 07:25:05 PM-train.py-INFO:epoch: 42, dataset: CVC-ColonDB, dice: 0.7967928947368419]
[2023-03-20 07:25:29 PM-train.py-INFO:epoch: 42, dataset: ETIS-LaribPolypDB, dice: 0.7156693877551022]
[2023-03-20 07:29:13 PM-train.py-INFO:epoch: 43, dataset: CVC-300, dice: 0.8486916666666667]
[2023-03-20 07:29:16 PM-train.py-INFO:epoch: 43, dataset: CVC-ClinicDB, dice: 0.8851177419354839]
[2023-03-20 07:29:21 PM-train.py-INFO:epoch: 43, dataset: Kvasir, dice: 0.8911419999999997]
[2023-03-20 07:29:42 PM-train.py-INFO:epoch: 43, dataset: CVC-ColonDB, dice: 0.7648994736842107]
[2023-03-20 07:30:05 PM-train.py-INFO:epoch: 43, dataset: ETIS-LaribPolypDB, dice: 0.7032974489795923]
[2023-03-20 07:33:54 PM-train.py-INFO:epoch: 44, dataset: CVC-300, dice: 0.8738233333333336]
[2023-03-20 07:33:57 PM-train.py-INFO:epoch: 44, dataset: CVC-ClinicDB, dice: 0.9063596774193546]
[2023-03-20 07:34:03 PM-train.py-INFO:epoch: 44, dataset: Kvasir, dice: 0.9075850000000003]
[2023-03-20 07:34:23 PM-train.py-INFO:epoch: 44, dataset: CVC-ColonDB, dice: 0.7863607894736838]
[2023-03-20 07:34:47 PM-train.py-INFO:epoch: 44, dataset: ETIS-LaribPolypDB, dice: 0.6959229591836736]
[2023-03-20 07:38:38 PM-train.py-INFO:epoch: 45, dataset: CVC-300, dice: 0.8815800000000001]
[2023-03-20 07:38:40 PM-train.py-INFO:epoch: 45, dataset: CVC-ClinicDB, dice: 0.9093451612903224]
[2023-03-20 07:38:46 PM-train.py-INFO:epoch: 45, dataset: Kvasir, dice: 0.9064910000000004]
[2023-03-20 07:39:07 PM-train.py-INFO:epoch: 45, dataset: CVC-ColonDB, dice: 0.7935334210526318]
[2023-03-20 07:39:30 PM-train.py-INFO:epoch: 45, dataset: ETIS-LaribPolypDB, dice: 0.7176489795918368]
[2023-03-20 07:43:17 PM-train.py-INFO:epoch: 46, dataset: CVC-300, dice: 0.8897066666666669]
[2023-03-20 07:43:20 PM-train.py-INFO:epoch: 46, dataset: CVC-ClinicDB, dice: 0.9105258064516129]
[2023-03-20 07:43:25 PM-train.py-INFO:epoch: 46, dataset: Kvasir, dice: 0.9075079999999999]
[2023-03-20 07:43:45 PM-train.py-INFO:epoch: 46, dataset: CVC-ColonDB, dice: 0.7871657894736838]
[2023-03-20 07:44:09 PM-train.py-INFO:epoch: 46, dataset: ETIS-LaribPolypDB, dice: 0.717943367346939]
[2023-03-20 07:47:59 PM-train.py-INFO:epoch: 47, dataset: CVC-300, dice: 0.8892400000000001]
[2023-03-20 07:48:01 PM-train.py-INFO:epoch: 47, dataset: CVC-ClinicDB, dice: 0.9138967741935484]
[2023-03-20 07:48:07 PM-train.py-INFO:epoch: 47, dataset: Kvasir, dice: 0.9063009999999996]
[2023-03-20 07:48:27 PM-train.py-INFO:epoch: 47, dataset: CVC-ColonDB, dice: 0.7836984210526322]
[2023-03-20 07:48:51 PM-train.py-INFO:epoch: 47, dataset: ETIS-LaribPolypDB, dice: 0.7155581632653063]
[2023-03-20 07:52:46 PM-train.py-INFO:epoch: 48, dataset: CVC-300, dice: 0.874005]
[2023-03-20 07:52:48 PM-train.py-INFO:epoch: 48, dataset: CVC-ClinicDB, dice: 0.9087500000000002]
[2023-03-20 07:52:54 PM-train.py-INFO:epoch: 48, dataset: Kvasir, dice: 0.9071859999999999]
[2023-03-20 07:53:14 PM-train.py-INFO:epoch: 48, dataset: CVC-ColonDB, dice: 0.7635399999999998]
[2023-03-20 07:53:37 PM-train.py-INFO:epoch: 48, dataset: ETIS-LaribPolypDB, dice: 0.7187673469387756]
[2023-03-20 07:57:25 PM-train.py-INFO:epoch: 49, dataset: CVC-300, dice: 0.8811616666666663]
[2023-03-20 07:57:27 PM-train.py-INFO:epoch: 49, dataset: CVC-ClinicDB, dice: 0.9177741935483871]
[2023-03-20 07:57:32 PM-train.py-INFO:epoch: 49, dataset: Kvasir, dice: 0.9125200000000001]
[2023-03-20 07:57:53 PM-train.py-INFO:epoch: 49, dataset: CVC-ColonDB, dice: 0.7671584210526312]
[2023-03-20 07:58:16 PM-train.py-INFO:epoch: 49, dataset: ETIS-LaribPolypDB, dice: 0.7289316326530615]
[2023-03-20 08:02:10 PM-train.py-INFO:epoch: 50, dataset: CVC-300, dice: 0.8812933333333334]
[2023-03-20 08:02:12 PM-train.py-INFO:epoch: 50, dataset: CVC-ClinicDB, dice: 0.9120516129032258]
[2023-03-20 08:02:18 PM-train.py-INFO:epoch: 50, dataset: Kvasir, dice: 0.8988689999999998]
[2023-03-20 08:02:38 PM-train.py-INFO:epoch: 50, dataset: CVC-ColonDB, dice: 0.7830531578947372]
[2023-03-20 08:03:02 PM-train.py-INFO:epoch: 50, dataset: ETIS-LaribPolypDB, dice: 0.7060086734693883]
[2023-03-20 08:06:55 PM-train.py-INFO:epoch: 51, dataset: CVC-300, dice: 0.8831083333333333]
[2023-03-20 08:06:58 PM-train.py-INFO:epoch: 51, dataset: CVC-ClinicDB, dice: 0.9168241935483871]
[2023-03-20 08:07:03 PM-train.py-INFO:epoch: 51, dataset: Kvasir, dice: 0.9113790000000002]
[2023-03-20 08:07:23 PM-train.py-INFO:epoch: 51, dataset: CVC-ColonDB, dice: 0.8033463157894729]
[2023-03-20 08:07:47 PM-train.py-INFO:epoch: 51, dataset: ETIS-LaribPolypDB, dice: 0.7113811224489802]
[2023-03-20 08:11:38 PM-train.py-INFO:epoch: 52, dataset: CVC-300, dice: 0.8827883333333335]
[2023-03-20 08:11:40 PM-train.py-INFO:epoch: 52, dataset: CVC-ClinicDB, dice: 0.9209435483870967]
[2023-03-20 08:11:46 PM-train.py-INFO:epoch: 52, dataset: Kvasir, dice: 0.8893079999999992]
[2023-03-20 08:12:06 PM-train.py-INFO:epoch: 52, dataset: CVC-ColonDB, dice: 0.775113157894737]
[2023-03-20 08:12:29 PM-train.py-INFO:epoch: 52, dataset: ETIS-LaribPolypDB, dice: 0.6728015306122446]
[2023-03-20 08:16:22 PM-train.py-INFO:epoch: 53, dataset: CVC-300, dice: 0.87611]
[2023-03-20 08:16:24 PM-train.py-INFO:epoch: 53, dataset: CVC-ClinicDB, dice: 0.9189096774193549]
[2023-03-20 08:16:30 PM-train.py-INFO:epoch: 53, dataset: Kvasir, dice: 0.9004420000000001]
[2023-03-20 08:16:50 PM-train.py-INFO:epoch: 53, dataset: CVC-ColonDB, dice: 0.7996121052631573]
[2023-03-20 08:17:13 PM-train.py-INFO:epoch: 53, dataset: ETIS-LaribPolypDB, dice: 0.7039025510204083]
[2023-03-20 08:21:06 PM-train.py-INFO:epoch: 54, dataset: CVC-300, dice: 0.8879133333333331]
[2023-03-20 08:21:08 PM-train.py-INFO:epoch: 54, dataset: CVC-ClinicDB, dice: 0.9144903225806452]
[2023-03-20 08:21:14 PM-train.py-INFO:epoch: 54, dataset: Kvasir, dice: 0.9009190000000005]
[2023-03-20 08:21:34 PM-train.py-INFO:epoch: 54, dataset: CVC-ColonDB, dice: 0.7854876315789484]
[2023-03-20 08:21:57 PM-train.py-INFO:epoch: 54, dataset: ETIS-LaribPolypDB, dice: 0.7145964285714285]
[2023-03-20 08:25:51 PM-train.py-INFO:epoch: 55, dataset: CVC-300, dice: 0.8959933333333336]
[2023-03-20 08:25:53 PM-train.py-INFO:epoch: 55, dataset: CVC-ClinicDB, dice: 0.9099387096774191]
[2023-03-20 08:25:59 PM-train.py-INFO:epoch: 55, dataset: Kvasir, dice: 0.897343]
[2023-03-20 08:26:19 PM-train.py-INFO:epoch: 55, dataset: CVC-ColonDB, dice: 0.7620957894736827]
[2023-03-20 08:26:43 PM-train.py-INFO:epoch: 55, dataset: ETIS-LaribPolypDB, dice: 0.6884683673469388]
[2023-03-20 08:30:35 PM-train.py-INFO:epoch: 56, dataset: CVC-300, dice: 0.8900383333333334]
[2023-03-20 08:30:37 PM-train.py-INFO:epoch: 56, dataset: CVC-ClinicDB, dice: 0.916641935483871]
[2023-03-20 08:30:43 PM-train.py-INFO:epoch: 56, dataset: Kvasir, dice: 0.912063]
[2023-03-20 08:31:03 PM-train.py-INFO:epoch: 56, dataset: CVC-ColonDB, dice: 0.771803421052632]
[2023-03-20 08:31:27 PM-train.py-INFO:epoch: 56, dataset: ETIS-LaribPolypDB, dice: 0.7207612244897957]
[2023-03-20 08:35:21 PM-train.py-INFO:epoch: 57, dataset: CVC-300, dice: 0.8968483333333334]
[2023-03-20 08:35:23 PM-train.py-INFO:epoch: 57, dataset: CVC-ClinicDB, dice: 0.9185354838709681]
[2023-03-20 08:35:29 PM-train.py-INFO:epoch: 57, dataset: Kvasir, dice: 0.914393]
[2023-03-20 08:35:49 PM-train.py-INFO:epoch: 57, dataset: CVC-ColonDB, dice: 0.774268947368421]
[2023-03-20 08:36:13 PM-train.py-INFO:epoch: 57, dataset: ETIS-LaribPolypDB, dice: 0.7303790816326527]
[2023-03-20 08:40:03 PM-train.py-INFO:epoch: 58, dataset: CVC-300, dice: 0.8961649999999997]
[2023-03-20 08:40:06 PM-train.py-INFO:epoch: 58, dataset: CVC-ClinicDB, dice: 0.9142612903225809]
[2023-03-20 08:40:11 PM-train.py-INFO:epoch: 58, dataset: Kvasir, dice: 0.9164409999999998]
[2023-03-20 08:40:32 PM-train.py-INFO:epoch: 58, dataset: CVC-ColonDB, dice: 0.7821147368421054]
[2023-03-20 08:40:55 PM-train.py-INFO:epoch: 58, dataset: ETIS-LaribPolypDB, dice: 0.7448561224489797]
[2023-03-20 08:44:49 PM-train.py-INFO:epoch: 59, dataset: CVC-300, dice: 0.8923116666666666]
[2023-03-20 08:44:51 PM-train.py-INFO:epoch: 59, dataset: CVC-ClinicDB, dice: 0.9055774193548385]
[2023-03-20 08:44:57 PM-train.py-INFO:epoch: 59, dataset: Kvasir, dice: 0.9228530000000003]
[2023-03-20 08:45:17 PM-train.py-INFO:epoch: 59, dataset: CVC-ColonDB, dice: 0.7771363157894734]
[2023-03-20 08:45:41 PM-train.py-INFO:epoch: 59, dataset: ETIS-LaribPolypDB, dice: 0.7163882653061225]
[2023-03-20 08:49:36 PM-train.py-INFO:epoch: 60, dataset: CVC-300, dice: 0.9045449999999999]
[2023-03-20 08:49:38 PM-train.py-INFO:epoch: 60, dataset: CVC-ClinicDB, dice: 0.9253725806451613]
[2023-03-20 08:49:44 PM-train.py-INFO:epoch: 60, dataset: Kvasir, dice: 0.9144789999999999]
[2023-03-20 08:50:03 PM-train.py-INFO:epoch: 60, dataset: CVC-ColonDB, dice: 0.7670528947368417]
[2023-03-20 08:50:26 PM-train.py-INFO:epoch: 60, dataset: ETIS-LaribPolypDB, dice: 0.7346010204081628]
[2023-03-20 08:54:20 PM-train.py-INFO:epoch: 61, dataset: CVC-300, dice: 0.8842283333333334]
[2023-03-20 08:54:23 PM-train.py-INFO:epoch: 61, dataset: CVC-ClinicDB, dice: 0.9114919354838711]
[2023-03-20 08:54:28 PM-train.py-INFO:epoch: 61, dataset: Kvasir, dice: 0.9203900000000003]
[2023-03-20 08:54:49 PM-train.py-INFO:epoch: 61, dataset: CVC-ColonDB, dice: 0.7728239473684212]
[2023-03-20 08:55:12 PM-train.py-INFO:epoch: 61, dataset: ETIS-LaribPolypDB, dice: 0.7209403061224492]
[2023-03-20 08:59:02 PM-train.py-INFO:epoch: 62, dataset: CVC-300, dice: 0.8965633333333333]
[2023-03-20 08:59:04 PM-train.py-INFO:epoch: 62, dataset: CVC-ClinicDB, dice: 0.9145048387096774]
[2023-03-20 08:59:10 PM-train.py-INFO:epoch: 62, dataset: Kvasir, dice: 0.9160119999999999]
[2023-03-20 08:59:30 PM-train.py-INFO:epoch: 62, dataset: CVC-ColonDB, dice: 0.7803265789473682]
[2023-03-20 08:59:54 PM-train.py-INFO:epoch: 62, dataset: ETIS-LaribPolypDB, dice: 0.7222372448979593]
[2023-03-20 09:03:49 PM-train.py-INFO:epoch: 63, dataset: CVC-300, dice: 0.898215]
[2023-03-20 09:03:51 PM-train.py-INFO:epoch: 63, dataset: CVC-ClinicDB, dice: 0.9199548387096774]
[2023-03-20 09:03:57 PM-train.py-INFO:epoch: 63, dataset: Kvasir, dice: 0.9085940000000001]
[2023-03-20 09:04:18 PM-train.py-INFO:epoch: 63, dataset: CVC-ColonDB, dice: 0.7549342105263158]
[2023-03-20 09:04:41 PM-train.py-INFO:epoch: 63, dataset: ETIS-LaribPolypDB, dice: 0.7127193877551018]
[2023-03-20 09:08:33 PM-train.py-INFO:epoch: 64, dataset: CVC-300, dice: 0.9025983333333336]
[2023-03-20 09:08:36 PM-train.py-INFO:epoch: 64, dataset: CVC-ClinicDB, dice: 0.9143177419354837]
[2023-03-20 09:08:41 PM-train.py-INFO:epoch: 64, dataset: Kvasir, dice: 0.9113859999999998]
[2023-03-20 09:09:02 PM-train.py-INFO:epoch: 64, dataset: CVC-ColonDB, dice: 0.7733747368421046]
[2023-03-20 09:09:25 PM-train.py-INFO:epoch: 64, dataset: ETIS-LaribPolypDB, dice: 0.7470607142857137]
[2023-03-20 09:13:17 PM-train.py-INFO:epoch: 65, dataset: CVC-300, dice: 0.8911249999999998]
[2023-03-20 09:13:19 PM-train.py-INFO:epoch: 65, dataset: CVC-ClinicDB, dice: 0.9138838709677422]
[2023-03-20 09:13:25 PM-train.py-INFO:epoch: 65, dataset: Kvasir, dice: 0.8863179999999999]
[2023-03-20 09:13:46 PM-train.py-INFO:epoch: 65, dataset: CVC-ColonDB, dice: 0.7462997368421048]
[2023-03-20 09:14:09 PM-train.py-INFO:epoch: 65, dataset: ETIS-LaribPolypDB, dice: 0.6989698979591835]
[2023-03-20 09:18:01 PM-train.py-INFO:epoch: 66, dataset: CVC-300, dice: 0.8765483333333335]
[2023-03-20 09:18:04 PM-train.py-INFO:epoch: 66, dataset: CVC-ClinicDB, dice: 0.9205129032258061]
[2023-03-20 09:18:09 PM-train.py-INFO:epoch: 66, dataset: Kvasir, dice: 0.9079309999999995]
[2023-03-20 09:18:30 PM-train.py-INFO:epoch: 66, dataset: CVC-ColonDB, dice: 0.7885686842105261]
[2023-03-20 09:18:53 PM-train.py-INFO:epoch: 66, dataset: ETIS-LaribPolypDB, dice: 0.7114785714285716]
[2023-03-20 09:22:46 PM-train.py-INFO:epoch: 67, dataset: CVC-300, dice: 0.8958466666666667]
[2023-03-20 09:22:48 PM-train.py-INFO:epoch: 67, dataset: CVC-ClinicDB, dice: 0.927816129032258]
[2023-03-20 09:22:54 PM-train.py-INFO:epoch: 67, dataset: Kvasir, dice: 0.9081640000000004]
[2023-03-20 09:23:14 PM-train.py-INFO:epoch: 67, dataset: CVC-ColonDB, dice: 0.7993284210526312]
[2023-03-20 09:23:38 PM-train.py-INFO:epoch: 67, dataset: ETIS-LaribPolypDB, dice: 0.7151459183673473]
[2023-03-20 09:27:33 PM-train.py-INFO:epoch: 68, dataset: CVC-300, dice: 0.8926683333333336]
[2023-03-20 09:27:36 PM-train.py-INFO:epoch: 68, dataset: CVC-ClinicDB, dice: 0.9330290322580644]
[2023-03-20 09:27:41 PM-train.py-INFO:epoch: 68, dataset: Kvasir, dice: 0.9131380000000001]
[2023-03-20 09:28:02 PM-train.py-INFO:epoch: 68, dataset: CVC-ColonDB, dice: 0.7953955263157897]
[2023-03-20 09:28:26 PM-train.py-INFO:epoch: 68, dataset: ETIS-LaribPolypDB, dice: 0.7162724489795919]
[2023-03-20 09:32:14 PM-train.py-INFO:epoch: 69, dataset: CVC-300, dice: 0.8897883333333331]
[2023-03-20 09:32:17 PM-train.py-INFO:epoch: 69, dataset: CVC-ClinicDB, dice: 0.9297532258064518]
[2023-03-20 09:32:22 PM-train.py-INFO:epoch: 69, dataset: Kvasir, dice: 0.9201799999999998]
[2023-03-20 09:32:43 PM-train.py-INFO:epoch: 69, dataset: CVC-ColonDB, dice: 0.7939842105263161]
[2023-03-20 09:33:06 PM-train.py-INFO:epoch: 69, dataset: ETIS-LaribPolypDB, dice: 0.723936224489796]
[2023-03-20 09:36:57 PM-train.py-INFO:epoch: 70, dataset: CVC-300, dice: 0.8900866666666665]
[2023-03-20 09:36:59 PM-train.py-INFO:epoch: 70, dataset: CVC-ClinicDB, dice: 0.9290354838709678]
[2023-03-20 09:37:05 PM-train.py-INFO:epoch: 70, dataset: Kvasir, dice: 0.9207600000000004]
[2023-03-20 09:37:25 PM-train.py-INFO:epoch: 70, dataset: CVC-ColonDB, dice: 0.7872926315789479]
[2023-03-20 09:37:48 PM-train.py-INFO:epoch: 70, dataset: ETIS-LaribPolypDB, dice: 0.705879081632653]
[2023-03-20 09:41:43 PM-train.py-INFO:epoch: 71, dataset: CVC-300, dice: 0.8932966666666666]
[2023-03-20 09:41:46 PM-train.py-INFO:epoch: 71, dataset: CVC-ClinicDB, dice: 0.9231322580645163]
[2023-03-20 09:41:51 PM-train.py-INFO:epoch: 71, dataset: Kvasir, dice: 0.9178789999999999]
[2023-03-20 09:42:12 PM-train.py-INFO:epoch: 71, dataset: CVC-ColonDB, dice: 0.7835565789473686]
[2023-03-20 09:42:36 PM-train.py-INFO:epoch: 71, dataset: ETIS-LaribPolypDB, dice: 0.7485811224489796]
[2023-03-20 09:46:31 PM-train.py-INFO:epoch: 72, dataset: CVC-300, dice: 0.8868466666666666]
[2023-03-20 09:46:33 PM-train.py-INFO:epoch: 72, dataset: CVC-ClinicDB, dice: 0.925887096774193]
[2023-03-20 09:46:39 PM-train.py-INFO:epoch: 72, dataset: Kvasir, dice: 0.92144]
[2023-03-20 09:46:59 PM-train.py-INFO:epoch: 72, dataset: CVC-ColonDB, dice: 0.7905863157894745]
[2023-03-20 09:47:23 PM-train.py-INFO:epoch: 72, dataset: ETIS-LaribPolypDB, dice: 0.724392857142857]
[2023-03-20 09:51:14 PM-train.py-INFO:epoch: 73, dataset: CVC-300, dice: 0.8917766666666669]
[2023-03-20 09:51:16 PM-train.py-INFO:epoch: 73, dataset: CVC-ClinicDB, dice: 0.9162032258064514]
[2023-03-20 09:51:22 PM-train.py-INFO:epoch: 73, dataset: Kvasir, dice: 0.917982]
[2023-03-20 09:51:42 PM-train.py-INFO:epoch: 73, dataset: CVC-ColonDB, dice: 0.7720144736842105]
[2023-03-20 09:52:06 PM-train.py-INFO:epoch: 73, dataset: ETIS-LaribPolypDB, dice: 0.7323061224489793]
[2023-03-20 09:56:01 PM-train.py-INFO:epoch: 74, dataset: CVC-300, dice: 0.8816466666666667]
[2023-03-20 09:56:03 PM-train.py-INFO:epoch: 74, dataset: CVC-ClinicDB, dice: 0.9152403225806454]
[2023-03-20 09:56:09 PM-train.py-INFO:epoch: 74, dataset: Kvasir, dice: 0.9179689999999999]
[2023-03-20 09:56:29 PM-train.py-INFO:epoch: 74, dataset: CVC-ColonDB, dice: 0.7717444736842107]
[2023-03-20 09:56:53 PM-train.py-INFO:epoch: 74, dataset: ETIS-LaribPolypDB, dice: 0.7274862244897957]
[2023-03-20 10:00:42 PM-train.py-INFO:epoch: 75, dataset: CVC-300, dice: 0.8965616666666668]
[2023-03-20 10:00:45 PM-train.py-INFO:epoch: 75, dataset: CVC-ClinicDB, dice: 0.916741935483871]
[2023-03-20 10:00:50 PM-train.py-INFO:epoch: 75, dataset: Kvasir, dice: 0.9245769999999996]
[2023-03-20 10:01:11 PM-train.py-INFO:epoch: 75, dataset: CVC-ColonDB, dice: 0.7799913157894739]
[2023-03-20 10:01:34 PM-train.py-INFO:epoch: 75, dataset: ETIS-LaribPolypDB, dice: 0.7150010204081635]
[2023-03-20 10:05:26 PM-train.py-INFO:epoch: 76, dataset: CVC-300, dice: 0.8868266666666668]
[2023-03-20 10:05:29 PM-train.py-INFO:epoch: 76, dataset: CVC-ClinicDB, dice: 0.9254112903225803]
[2023-03-20 10:05:34 PM-train.py-INFO:epoch: 76, dataset: Kvasir, dice: 0.9235170000000003]
[2023-03-20 10:05:55 PM-train.py-INFO:epoch: 76, dataset: CVC-ColonDB, dice: 0.7823652631578943]
[2023-03-20 10:06:18 PM-train.py-INFO:epoch: 76, dataset: ETIS-LaribPolypDB, dice: 0.7384678571428576]
[2023-03-20 10:10:14 PM-train.py-INFO:epoch: 77, dataset: CVC-300, dice: 0.8903216666666666]
[2023-03-20 10:10:16 PM-train.py-INFO:epoch: 77, dataset: CVC-ClinicDB, dice: 0.9200209677419354]
[2023-03-20 10:10:22 PM-train.py-INFO:epoch: 77, dataset: Kvasir, dice: 0.9189209999999999]
[2023-03-20 10:10:43 PM-train.py-INFO:epoch: 77, dataset: CVC-ColonDB, dice: 0.7937668421052625]
[2023-03-20 10:11:06 PM-train.py-INFO:epoch: 77, dataset: ETIS-LaribPolypDB, dice: 0.7331193877551021]
[2023-03-20 10:15:02 PM-train.py-INFO:epoch: 78, dataset: CVC-300, dice: 0.8983366666666668]
[2023-03-20 10:15:04 PM-train.py-INFO:epoch: 78, dataset: CVC-ClinicDB, dice: 0.9188112903225806]
[2023-03-20 10:15:10 PM-train.py-INFO:epoch: 78, dataset: Kvasir, dice: 0.9199780000000007]
[2023-03-20 10:15:30 PM-train.py-INFO:epoch: 78, dataset: CVC-ColonDB, dice: 0.7739039473684217]
[2023-03-20 10:15:53 PM-train.py-INFO:epoch: 78, dataset: ETIS-LaribPolypDB, dice: 0.7381887755102042]
[2023-03-20 10:19:50 PM-train.py-INFO:epoch: 79, dataset: CVC-300, dice: 0.8697933333333334]
[2023-03-20 10:19:52 PM-train.py-INFO:epoch: 79, dataset: CVC-ClinicDB, dice: 0.9320596774193547]
[2023-03-20 10:19:58 PM-train.py-INFO:epoch: 79, dataset: Kvasir, dice: 0.899354]
[2023-03-20 10:20:18 PM-train.py-INFO:epoch: 79, dataset: CVC-ColonDB, dice: 0.7974542105263163]
[2023-03-20 10:20:41 PM-train.py-INFO:epoch: 79, dataset: ETIS-LaribPolypDB, dice: 0.7353081632653062]
[2023-03-20 10:24:35 PM-train.py-INFO:epoch: 80, dataset: CVC-300, dice: 0.8709866666666668]
[2023-03-20 10:24:38 PM-train.py-INFO:epoch: 80, dataset: CVC-ClinicDB, dice: 0.8999870967741935]
[2023-03-20 10:24:43 PM-train.py-INFO:epoch: 80, dataset: Kvasir, dice: 0.872784]
[2023-03-20 10:25:04 PM-train.py-INFO:epoch: 80, dataset: CVC-ColonDB, dice: 0.7505465789473676]
[2023-03-20 10:25:28 PM-train.py-INFO:epoch: 80, dataset: ETIS-LaribPolypDB, dice: 0.704808163265306]
[2023-03-20 10:29:23 PM-train.py-INFO:epoch: 81, dataset: CVC-300, dice: 0.8905366666666669]
[2023-03-20 10:29:26 PM-train.py-INFO:epoch: 81, dataset: CVC-ClinicDB, dice: 0.9300241935483871]
[2023-03-20 10:29:31 PM-train.py-INFO:epoch: 81, dataset: Kvasir, dice: 0.9018140000000001]
[2023-03-20 10:29:52 PM-train.py-INFO:epoch: 81, dataset: CVC-ColonDB, dice: 0.791873421052631]
[2023-03-20 10:30:15 PM-train.py-INFO:epoch: 81, dataset: ETIS-LaribPolypDB, dice: 0.7538607142857146]
[2023-03-20 10:34:10 PM-train.py-INFO:epoch: 82, dataset: CVC-300, dice: 0.8983383333333333]
[2023-03-20 10:34:13 PM-train.py-INFO:epoch: 82, dataset: CVC-ClinicDB, dice: 0.9238274193548387]
[2023-03-20 10:34:18 PM-train.py-INFO:epoch: 82, dataset: Kvasir, dice: 0.8948929999999997]
[2023-03-20 10:34:39 PM-train.py-INFO:epoch: 82, dataset: CVC-ColonDB, dice: 0.7915665789473686]
[2023-03-20 10:35:02 PM-train.py-INFO:epoch: 82, dataset: ETIS-LaribPolypDB, dice: 0.7392397959183679]
[2023-03-20 10:38:55 PM-train.py-INFO:epoch: 83, dataset: CVC-300, dice: 0.9088649999999998]
[2023-03-20 10:38:58 PM-train.py-INFO:epoch: 83, dataset: CVC-ClinicDB, dice: 0.9313548387096772]
[2023-03-20 10:39:03 PM-train.py-INFO:epoch: 83, dataset: Kvasir, dice: 0.8938160000000004]
[2023-03-20 10:39:23 PM-train.py-INFO:epoch: 83, dataset: CVC-ColonDB, dice: 0.799198421052632]
[2023-03-20 10:39:46 PM-train.py-INFO:epoch: 83, dataset: ETIS-LaribPolypDB, dice: 0.7605066326530613]
[2023-03-20 10:43:41 PM-train.py-INFO:epoch: 84, dataset: CVC-300, dice: 0.90326]
[2023-03-20 10:43:43 PM-train.py-INFO:epoch: 84, dataset: CVC-ClinicDB, dice: 0.9324887096774193]
[2023-03-20 10:43:49 PM-train.py-INFO:epoch: 84, dataset: Kvasir, dice: 0.8984180000000004]
[2023-03-20 10:44:09 PM-train.py-INFO:epoch: 84, dataset: CVC-ColonDB, dice: 0.8046344736842108]
[2023-03-20 10:44:32 PM-train.py-INFO:epoch: 84, dataset: ETIS-LaribPolypDB, dice: 0.7570734693877554]
[2023-03-20 10:48:25 PM-train.py-INFO:epoch: 85, dataset: CVC-300, dice: 0.9005600000000001]
[2023-03-20 10:48:27 PM-train.py-INFO:epoch: 85, dataset: CVC-ClinicDB, dice: 0.9334693548387099]
[2023-03-20 10:48:33 PM-train.py-INFO:epoch: 85, dataset: Kvasir, dice: 0.9003340000000003]
[2023-03-20 10:48:54 PM-train.py-INFO:epoch: 85, dataset: CVC-ColonDB, dice: 0.8071821052631576]
[2023-03-20 10:49:17 PM-train.py-INFO:epoch: 85, dataset: ETIS-LaribPolypDB, dice: 0.7575877551020413]
[2023-03-20 10:53:12 PM-train.py-INFO:epoch: 86, dataset: CVC-300, dice: 0.9012516666666667]
[2023-03-20 10:53:14 PM-train.py-INFO:epoch: 86, dataset: CVC-ClinicDB, dice: 0.9318806451612901]
[2023-03-20 10:53:20 PM-train.py-INFO:epoch: 86, dataset: Kvasir, dice: 0.9023690000000001]
[2023-03-20 10:53:40 PM-train.py-INFO:epoch: 86, dataset: CVC-ColonDB, dice: 0.8015344736842108]
[2023-03-20 10:54:03 PM-train.py-INFO:epoch: 86, dataset: ETIS-LaribPolypDB, dice: 0.7518637755102039]
[2023-03-20 10:57:51 PM-train.py-INFO:epoch: 87, dataset: CVC-300, dice: 0.9012849999999999]
[2023-03-20 10:57:53 PM-train.py-INFO:epoch: 87, dataset: CVC-ClinicDB, dice: 0.9338129032258061]
[2023-03-20 10:57:59 PM-train.py-INFO:epoch: 87, dataset: Kvasir, dice: 0.9057549999999993]
[2023-03-20 10:58:19 PM-train.py-INFO:epoch: 87, dataset: CVC-ColonDB, dice: 0.8035939473684218]
[2023-03-20 10:58:44 PM-train.py-INFO:epoch: 87, dataset: ETIS-LaribPolypDB, dice: 0.7461244897959186]
[2023-03-20 11:02:26 PM-train.py-INFO:epoch: 88, dataset: CVC-300, dice: 0.9082683333333332]
[2023-03-20 11:02:28 PM-train.py-INFO:epoch: 88, dataset: CVC-ClinicDB, dice: 0.9317645161290322]
[2023-03-20 11:02:33 PM-train.py-INFO:epoch: 88, dataset: Kvasir, dice: 0.907504]
[2023-03-20 11:02:54 PM-train.py-INFO:epoch: 88, dataset: CVC-ColonDB, dice: 0.7942252631578948]
[2023-03-20 11:03:18 PM-train.py-INFO:epoch: 88, dataset: ETIS-LaribPolypDB, dice: 0.7559015306122445]
[2023-03-20 11:07:00 PM-train.py-INFO:epoch: 89, dataset: CVC-300, dice: 0.9039783333333332]
[2023-03-20 11:07:03 PM-train.py-INFO:epoch: 89, dataset: CVC-ClinicDB, dice: 0.9343419354838709]
[2023-03-20 11:07:08 PM-train.py-INFO:epoch: 89, dataset: Kvasir, dice: 0.9047129999999997]
[2023-03-20 11:07:28 PM-train.py-INFO:epoch: 89, dataset: CVC-ColonDB, dice: 0.7910434210526316]
[2023-03-20 11:07:52 PM-train.py-INFO:epoch: 89, dataset: ETIS-LaribPolypDB, dice: 0.7484795918367347]
[2023-03-20 11:11:36 PM-train.py-INFO:epoch: 90, dataset: CVC-300, dice: 0.8828533333333334]
[2023-03-20 11:11:38 PM-train.py-INFO:epoch: 90, dataset: CVC-ClinicDB, dice: 0.8845919354838708]
[2023-03-20 11:11:43 PM-train.py-INFO:epoch: 90, dataset: Kvasir, dice: 0.8871910000000001]
[2023-03-20 11:12:03 PM-train.py-INFO:epoch: 90, dataset: CVC-ColonDB, dice: 0.7532760526315779]
[2023-03-20 11:12:28 PM-train.py-INFO:epoch: 90, dataset: ETIS-LaribPolypDB, dice: 0.6754423469387756]
[2023-03-20 11:16:09 PM-train.py-INFO:epoch: 91, dataset: CVC-300, dice: 0.8796466666666665]
[2023-03-20 11:16:12 PM-train.py-INFO:epoch: 91, dataset: CVC-ClinicDB, dice: 0.915461290322581]
[2023-03-20 11:16:17 PM-train.py-INFO:epoch: 91, dataset: Kvasir, dice: 0.9071030000000002]
[2023-03-20 11:16:38 PM-train.py-INFO:epoch: 91, dataset: CVC-ColonDB, dice: 0.7584905263157892]
[2023-03-20 11:17:02 PM-train.py-INFO:epoch: 91, dataset: ETIS-LaribPolypDB, dice: 0.7313158163265312]
[2023-03-20 11:20:44 PM-train.py-INFO:epoch: 92, dataset: CVC-300, dice: 0.8697216666666665]
[2023-03-20 11:20:47 PM-train.py-INFO:epoch: 92, dataset: CVC-ClinicDB, dice: 0.9245129032258066]
[2023-03-20 11:20:52 PM-train.py-INFO:epoch: 92, dataset: Kvasir, dice: 0.9124879999999997]
[2023-03-20 11:21:12 PM-train.py-INFO:epoch: 92, dataset: CVC-ColonDB, dice: 0.7825126315789472]
[2023-03-20 11:21:37 PM-train.py-INFO:epoch: 92, dataset: ETIS-LaribPolypDB, dice: 0.725754081632653]
[2023-03-20 11:25:20 PM-train.py-INFO:epoch: 93, dataset: CVC-300, dice: 0.8780866666666666]
[2023-03-20 11:25:22 PM-train.py-INFO:epoch: 93, dataset: CVC-ClinicDB, dice: 0.9241225806451614]
[2023-03-20 11:25:28 PM-train.py-INFO:epoch: 93, dataset: Kvasir, dice: 0.9153220000000001]
[2023-03-20 11:25:48 PM-train.py-INFO:epoch: 93, dataset: CVC-ColonDB, dice: 0.7798786842105262]
[2023-03-20 11:26:12 PM-train.py-INFO:epoch: 93, dataset: ETIS-LaribPolypDB, dice: 0.740392857142857]
[2023-03-20 11:29:54 PM-train.py-INFO:epoch: 94, dataset: CVC-300, dice: 0.8822283333333336]
[2023-03-20 11:29:57 PM-train.py-INFO:epoch: 94, dataset: CVC-ClinicDB, dice: 0.9287677419354837]
[2023-03-20 11:30:02 PM-train.py-INFO:epoch: 94, dataset: Kvasir, dice: 0.9153220000000001]
[2023-03-20 11:30:22 PM-train.py-INFO:epoch: 94, dataset: CVC-ColonDB, dice: 0.7902634210526321]
[2023-03-20 11:30:46 PM-train.py-INFO:epoch: 94, dataset: ETIS-LaribPolypDB, dice: 0.7300969387755104]
[2023-03-20 11:34:29 PM-train.py-INFO:epoch: 95, dataset: CVC-300, dice: 0.8863400000000001]
[2023-03-20 11:34:31 PM-train.py-INFO:epoch: 95, dataset: CVC-ClinicDB, dice: 0.9249854838709679]
[2023-03-20 11:34:36 PM-train.py-INFO:epoch: 95, dataset: Kvasir, dice: 0.9136260000000003]
[2023-03-20 11:34:57 PM-train.py-INFO:epoch: 95, dataset: CVC-ColonDB, dice: 0.7721652631578951]
[2023-03-20 11:35:21 PM-train.py-INFO:epoch: 95, dataset: ETIS-LaribPolypDB, dice: 0.7514357142857142]
[2023-03-20 11:39:06 PM-train.py-INFO:epoch: 96, dataset: CVC-300, dice: 0.8923166666666666]
[2023-03-20 11:39:09 PM-train.py-INFO:epoch: 96, dataset: CVC-ClinicDB, dice: 0.9267419354838707]
[2023-03-20 11:39:14 PM-train.py-INFO:epoch: 96, dataset: Kvasir, dice: 0.9174140000000002]
[2023-03-20 11:39:35 PM-train.py-INFO:epoch: 96, dataset: CVC-ColonDB, dice: 0.7859928947368416]
[2023-03-20 11:39:59 PM-train.py-INFO:epoch: 96, dataset: ETIS-LaribPolypDB, dice: 0.7338734693877553]
[2023-03-20 11:43:44 PM-train.py-INFO:epoch: 97, dataset: CVC-300, dice: 0.8898033333333333]
[2023-03-20 11:43:46 PM-train.py-INFO:epoch: 97, dataset: CVC-ClinicDB, dice: 0.9184145161290325]
[2023-03-20 11:43:52 PM-train.py-INFO:epoch: 97, dataset: Kvasir, dice: 0.9106000000000002]
[2023-03-20 11:44:12 PM-train.py-INFO:epoch: 97, dataset: CVC-ColonDB, dice: 0.7781826315789475]
[2023-03-20 11:44:36 PM-train.py-INFO:epoch: 97, dataset: ETIS-LaribPolypDB, dice: 0.745410714285714]
[2023-03-20 11:48:21 PM-train.py-INFO:epoch: 98, dataset: CVC-300, dice: 0.8915883333333333]
[2023-03-20 11:48:23 PM-train.py-INFO:epoch: 98, dataset: CVC-ClinicDB, dice: 0.93126935483871]
[2023-03-20 11:48:29 PM-train.py-INFO:epoch: 98, dataset: Kvasir, dice: 0.9129289999999997]
[2023-03-20 11:48:49 PM-train.py-INFO:epoch: 98, dataset: CVC-ColonDB, dice: 0.7624373684210538]
[2023-03-20 11:49:13 PM-train.py-INFO:epoch: 98, dataset: ETIS-LaribPolypDB, dice: 0.7374122448979591]
[2023-03-20 11:52:58 PM-train.py-INFO:epoch: 99, dataset: CVC-300, dice: 0.8908716666666668]
[2023-03-20 11:53:01 PM-train.py-INFO:epoch: 99, dataset: CVC-ClinicDB, dice: 0.9302564516129032]
[2023-03-20 11:53:06 PM-train.py-INFO:epoch: 99, dataset: Kvasir, dice: 0.915765]
[2023-03-20 11:53:27 PM-train.py-INFO:epoch: 99, dataset: CVC-ColonDB, dice: 0.7718813157894728]
[2023-03-20 11:53:51 PM-train.py-INFO:epoch: 99, dataset: ETIS-LaribPolypDB, dice: 0.7356234693877557]
