[2023-03-21 01:25:32 PM-train.py-INFO:epoch: 1, dataset: CVC-300, dice: 0.3315549999999997]
[2023-03-21 01:25:34 PM-train.py-INFO:epoch: 1, dataset: CVC-ClinicDB, dice: 0.4457483870967741]
[2023-03-21 01:25:38 PM-train.py-INFO:epoch: 1, dataset: Kvasir, dice: 0.5810550000000001]
[2023-03-21 01:25:53 PM-train.py-INFO:epoch: 1, dataset: CVC-ColonDB, dice: 0.36045947368421094]
[2023-03-21 01:26:15 PM-train.py-INFO:epoch: 1, dataset: ETIS-LaribPolypDB, dice: 0.29629999999999995]
[2023-03-21 01:26:15 PM-train.py-INFO:##############################################################################best:2.0151178607809848 0.40302357215619694]
[2023-03-21 01:29:48 PM-train.py-INFO:epoch: 2, dataset: CVC-300, dice: 0.7254633333333335]
[2023-03-21 01:29:49 PM-train.py-INFO:epoch: 2, dataset: CVC-ClinicDB, dice: 0.7614467741935484]
[2023-03-21 01:29:53 PM-train.py-INFO:epoch: 2, dataset: Kvasir, dice: 0.8035690000000002]
[2023-03-21 01:30:09 PM-train.py-INFO:epoch: 2, dataset: CVC-ColonDB, dice: 0.6346892105263163]
[2023-03-21 01:30:30 PM-train.py-INFO:epoch: 2, dataset: ETIS-LaribPolypDB, dice: 0.542709693877551]
[2023-03-21 01:30:30 PM-train.py-INFO:##############################################################################best:3.467878011930749 0.6935756023861498]
[2023-03-21 01:34:02 PM-train.py-INFO:epoch: 3, dataset: CVC-300, dice: 0.783165]
[2023-03-21 01:34:03 PM-train.py-INFO:epoch: 3, dataset: CVC-ClinicDB, dice: 0.8131258064516126]
[2023-03-21 01:34:08 PM-train.py-INFO:epoch: 3, dataset: Kvasir, dice: 0.8354529999999998]
[2023-03-21 01:34:23 PM-train.py-INFO:epoch: 3, dataset: CVC-ColonDB, dice: 0.6978818421052639]
[2023-03-21 01:34:45 PM-train.py-INFO:epoch: 3, dataset: ETIS-LaribPolypDB, dice: 0.605879081632653]
[2023-03-21 01:34:45 PM-train.py-INFO:##############################################################################best:3.735504730189529 0.7471009460379058]
[2023-03-21 01:38:18 PM-train.py-INFO:epoch: 4, dataset: CVC-300, dice: 0.7789116666666663]
[2023-03-21 01:38:19 PM-train.py-INFO:epoch: 4, dataset: CVC-ClinicDB, dice: 0.8357112903225806]
[2023-03-21 01:38:23 PM-train.py-INFO:epoch: 4, dataset: Kvasir, dice: 0.8399939999999998]
[2023-03-21 01:38:39 PM-train.py-INFO:epoch: 4, dataset: CVC-ColonDB, dice: 0.7002618421052635]
[2023-03-21 01:39:00 PM-train.py-INFO:epoch: 4, dataset: ETIS-LaribPolypDB, dice: 0.6263576530612246]
[2023-03-21 01:39:00 PM-train.py-INFO:##############################################################################best:3.781236452155735 0.756247290431147]
[2023-03-21 01:42:33 PM-train.py-INFO:epoch: 5, dataset: CVC-300, dice: 0.8211116666666666]
[2023-03-21 01:42:35 PM-train.py-INFO:epoch: 5, dataset: CVC-ClinicDB, dice: 0.8637983870967744]
[2023-03-21 01:42:39 PM-train.py-INFO:epoch: 5, dataset: Kvasir, dice: 0.884715]
[2023-03-21 01:42:54 PM-train.py-INFO:epoch: 5, dataset: CVC-ColonDB, dice: 0.7238097368421051]
[2023-03-21 01:43:16 PM-train.py-INFO:epoch: 5, dataset: ETIS-LaribPolypDB, dice: 0.6146841836734692]
[2023-03-21 01:43:16 PM-train.py-INFO:##############################################################################best:3.9081189742790157 0.7816237948558031]
[2023-03-21 01:46:42 PM-train.py-INFO:epoch: 6, dataset: CVC-300, dice: 0.8332533333333334]
[2023-03-21 01:46:44 PM-train.py-INFO:epoch: 6, dataset: CVC-ClinicDB, dice: 0.8779790322580643]
[2023-03-21 01:46:48 PM-train.py-INFO:epoch: 6, dataset: Kvasir, dice: 0.8871709999999999]
[2023-03-21 01:47:03 PM-train.py-INFO:epoch: 6, dataset: CVC-ColonDB, dice: 0.730859210526317]
[2023-03-21 01:47:25 PM-train.py-INFO:epoch: 6, dataset: ETIS-LaribPolypDB, dice: 0.6485397959183675]
[2023-03-21 01:47:25 PM-train.py-INFO:##############################################################################best:3.977802372036082 0.7955604744072164]
[2023-03-21 01:50:54 PM-train.py-INFO:epoch: 7, dataset: CVC-300, dice: 0.8310283333333335]
[2023-03-21 01:50:55 PM-train.py-INFO:epoch: 7, dataset: CVC-ClinicDB, dice: 0.8696129032258066]
[2023-03-21 01:51:00 PM-train.py-INFO:epoch: 7, dataset: Kvasir, dice: 0.8705710000000001]
[2023-03-21 01:51:15 PM-train.py-INFO:epoch: 7, dataset: CVC-ColonDB, dice: 0.7376397368421052]
[2023-03-21 01:51:38 PM-train.py-INFO:epoch: 7, dataset: ETIS-LaribPolypDB, dice: 0.6598438775510205]
[2023-03-21 01:55:09 PM-train.py-INFO:epoch: 8, dataset: CVC-300, dice: 0.8459766666666665]
[2023-03-21 01:55:11 PM-train.py-INFO:epoch: 8, dataset: CVC-ClinicDB, dice: 0.9103822580645161]
[2023-03-21 01:55:15 PM-train.py-INFO:epoch: 8, dataset: Kvasir, dice: 0.8776410000000001]
[2023-03-21 01:55:31 PM-train.py-INFO:epoch: 8, dataset: CVC-ColonDB, dice: 0.7435589473684205]
[2023-03-21 01:55:53 PM-train.py-INFO:epoch: 8, dataset: ETIS-LaribPolypDB, dice: 0.6995331632653061]
[2023-03-21 01:55:53 PM-train.py-INFO:##############################################################################best:4.077092035364909 0.8154184070729817]
[2023-03-21 01:59:25 PM-train.py-INFO:epoch: 9, dataset: CVC-300, dice: 0.8596400000000002]
[2023-03-21 01:59:26 PM-train.py-INFO:epoch: 9, dataset: CVC-ClinicDB, dice: 0.9059129032258066]
[2023-03-21 01:59:30 PM-train.py-INFO:epoch: 9, dataset: Kvasir, dice: 0.886367]
[2023-03-21 01:59:46 PM-train.py-INFO:epoch: 9, dataset: CVC-ColonDB, dice: 0.7716771052631578]
[2023-03-21 02:00:07 PM-train.py-INFO:epoch: 9, dataset: ETIS-LaribPolypDB, dice: 0.7042673469387752]
[2023-03-21 02:00:07 PM-train.py-INFO:##############################################################################best:4.127864355427739 0.8255728710855479]
[2023-03-21 02:03:39 PM-train.py-INFO:epoch: 10, dataset: CVC-300, dice: 0.8676900000000001]
[2023-03-21 02:03:41 PM-train.py-INFO:epoch: 10, dataset: CVC-ClinicDB, dice: 0.9154693548387098]
[2023-03-21 02:03:45 PM-train.py-INFO:epoch: 10, dataset: Kvasir, dice: 0.8850810000000001]
[2023-03-21 02:04:00 PM-train.py-INFO:epoch: 10, dataset: CVC-ColonDB, dice: 0.7710536842105264]
[2023-03-21 02:04:24 PM-train.py-INFO:epoch: 10, dataset: ETIS-LaribPolypDB, dice: 0.7168841836734695]
[2023-03-21 02:04:24 PM-train.py-INFO:##############################################################################best:4.156178222722706 0.8312356445445411]
[2023-03-21 02:07:54 PM-train.py-INFO:epoch: 11, dataset: CVC-300, dice: 0.8814500000000003]
[2023-03-21 02:07:55 PM-train.py-INFO:epoch: 11, dataset: CVC-ClinicDB, dice: 0.913361290322581]
[2023-03-21 02:08:00 PM-train.py-INFO:epoch: 11, dataset: Kvasir, dice: 0.8791790000000003]
[2023-03-21 02:08:15 PM-train.py-INFO:epoch: 11, dataset: CVC-ColonDB, dice: 0.7694739473684216]
[2023-03-21 02:08:37 PM-train.py-INFO:epoch: 11, dataset: ETIS-LaribPolypDB, dice: 0.7456494897959185]
[2023-03-21 02:08:37 PM-train.py-INFO:##############################################################################best:4.189113727486921 0.8378227454973842]
[2023-03-21 02:12:04 PM-train.py-INFO:epoch: 12, dataset: CVC-300, dice: 0.8503700000000002]
[2023-03-21 02:12:06 PM-train.py-INFO:epoch: 12, dataset: CVC-ClinicDB, dice: 0.893414516129032]
[2023-03-21 02:12:10 PM-train.py-INFO:epoch: 12, dataset: Kvasir, dice: 0.8798969999999998]
[2023-03-21 02:12:26 PM-train.py-INFO:epoch: 12, dataset: CVC-ColonDB, dice: 0.7075897368421057]
[2023-03-21 02:12:48 PM-train.py-INFO:epoch: 12, dataset: ETIS-LaribPolypDB, dice: 0.6275704081632658]
[2023-03-21 02:16:14 PM-train.py-INFO:epoch: 13, dataset: CVC-300, dice: 0.817318333333333]
[2023-03-21 02:16:15 PM-train.py-INFO:epoch: 13, dataset: CVC-ClinicDB, dice: 0.9116870967741936]
[2023-03-21 02:16:20 PM-train.py-INFO:epoch: 13, dataset: Kvasir, dice: 0.9077509999999998]
[2023-03-21 02:16:35 PM-train.py-INFO:epoch: 13, dataset: CVC-ColonDB, dice: 0.7690031578947364]
[2023-03-21 02:16:58 PM-train.py-INFO:epoch: 13, dataset: ETIS-LaribPolypDB, dice: 0.7235551020408159]
[2023-03-21 02:20:27 PM-train.py-INFO:epoch: 14, dataset: CVC-300, dice: 0.8312999999999999]
[2023-03-21 02:20:29 PM-train.py-INFO:epoch: 14, dataset: CVC-ClinicDB, dice: 0.9163387096774195]
[2023-03-21 02:20:33 PM-train.py-INFO:epoch: 14, dataset: Kvasir, dice: 0.9051680000000002]
[2023-03-21 02:20:48 PM-train.py-INFO:epoch: 14, dataset: CVC-ColonDB, dice: 0.7719360526315784]
[2023-03-21 02:21:11 PM-train.py-INFO:epoch: 14, dataset: ETIS-LaribPolypDB, dice: 0.731788775510204]
[2023-03-21 02:24:42 PM-train.py-INFO:epoch: 15, dataset: CVC-300, dice: 0.8429166666666669]
[2023-03-21 02:24:43 PM-train.py-INFO:epoch: 15, dataset: CVC-ClinicDB, dice: 0.9286048387096774]
[2023-03-21 02:24:48 PM-train.py-INFO:epoch: 15, dataset: Kvasir, dice: 0.9061930000000001]
[2023-03-21 02:25:03 PM-train.py-INFO:epoch: 15, dataset: CVC-ColonDB, dice: 0.7864060526315795]
[2023-03-21 02:25:25 PM-train.py-INFO:epoch: 15, dataset: ETIS-LaribPolypDB, dice: 0.7450744897959183]
[2023-03-21 02:25:25 PM-train.py-INFO:##############################################################################best:4.209195047803842 0.8418390095607684]
[2023-03-21 02:28:53 PM-train.py-INFO:epoch: 16, dataset: CVC-300, dice: 0.8453]
[2023-03-21 02:28:55 PM-train.py-INFO:epoch: 16, dataset: CVC-ClinicDB, dice: 0.9294483870967739]
[2023-03-21 02:28:59 PM-train.py-INFO:epoch: 16, dataset: Kvasir, dice: 0.9072090000000003]
[2023-03-21 02:29:14 PM-train.py-INFO:epoch: 16, dataset: CVC-ColonDB, dice: 0.7871805263157898]
[2023-03-21 02:29:36 PM-train.py-INFO:epoch: 16, dataset: ETIS-LaribPolypDB, dice: 0.724236224489796]
[2023-03-21 02:33:02 PM-train.py-INFO:epoch: 17, dataset: CVC-300, dice: 0.8515299999999998]
[2023-03-21 02:33:03 PM-train.py-INFO:epoch: 17, dataset: CVC-ClinicDB, dice: 0.9027258064516128]
[2023-03-21 02:33:07 PM-train.py-INFO:epoch: 17, dataset: Kvasir, dice: 0.9012060000000003]
[2023-03-21 02:33:22 PM-train.py-INFO:epoch: 17, dataset: CVC-ColonDB, dice: 0.7765684210526311]
[2023-03-21 02:33:44 PM-train.py-INFO:epoch: 17, dataset: ETIS-LaribPolypDB, dice: 0.7119739795918367]
[2023-03-21 02:37:20 PM-train.py-INFO:epoch: 18, dataset: CVC-300, dice: 0.8315349999999999]
[2023-03-21 02:37:21 PM-train.py-INFO:epoch: 18, dataset: CVC-ClinicDB, dice: 0.8980806451612902]
[2023-03-21 02:37:25 PM-train.py-INFO:epoch: 18, dataset: Kvasir, dice: 0.897984]
[2023-03-21 02:37:41 PM-train.py-INFO:epoch: 18, dataset: CVC-ColonDB, dice: 0.7685836842105264]
[2023-03-21 02:38:04 PM-train.py-INFO:epoch: 18, dataset: ETIS-LaribPolypDB, dice: 0.6649280612244899]
[2023-03-21 02:41:39 PM-train.py-INFO:epoch: 19, dataset: CVC-300, dice: 0.8582049999999998]
[2023-03-21 02:41:41 PM-train.py-INFO:epoch: 19, dataset: CVC-ClinicDB, dice: 0.8689548387096773]
[2023-03-21 02:41:45 PM-train.py-INFO:epoch: 19, dataset: Kvasir, dice: 0.8796519999999997]
[2023-03-21 02:42:01 PM-train.py-INFO:epoch: 19, dataset: CVC-ColonDB, dice: 0.757550263157896]
[2023-03-21 02:42:24 PM-train.py-INFO:epoch: 19, dataset: ETIS-LaribPolypDB, dice: 0.7150392857142858]
[2023-03-21 02:45:51 PM-train.py-INFO:epoch: 20, dataset: CVC-300, dice: 0.8473849999999999]
[2023-03-21 02:45:52 PM-train.py-INFO:epoch: 20, dataset: CVC-ClinicDB, dice: 0.9140774193548387]
[2023-03-21 02:45:56 PM-train.py-INFO:epoch: 20, dataset: Kvasir, dice: 0.897592]
[2023-03-21 02:46:11 PM-train.py-INFO:epoch: 20, dataset: CVC-ColonDB, dice: 0.7855165789473676]
[2023-03-21 02:46:33 PM-train.py-INFO:epoch: 20, dataset: ETIS-LaribPolypDB, dice: 0.6859459183673465]
[2023-03-21 02:50:02 PM-train.py-INFO:epoch: 21, dataset: CVC-300, dice: 0.8563550000000001]
[2023-03-21 02:50:03 PM-train.py-INFO:epoch: 21, dataset: CVC-ClinicDB, dice: 0.9107354838709677]
[2023-03-21 02:50:07 PM-train.py-INFO:epoch: 21, dataset: Kvasir, dice: 0.9042270000000002]
[2023-03-21 02:50:22 PM-train.py-INFO:epoch: 21, dataset: CVC-ColonDB, dice: 0.7797873684210519]
[2023-03-21 02:50:45 PM-train.py-INFO:epoch: 21, dataset: ETIS-LaribPolypDB, dice: 0.6864382653061226]
[2023-03-21 02:54:16 PM-train.py-INFO:epoch: 22, dataset: CVC-300, dice: 0.8494266666666668]
[2023-03-21 02:54:18 PM-train.py-INFO:epoch: 22, dataset: CVC-ClinicDB, dice: 0.9148225806451614]
[2023-03-21 02:54:22 PM-train.py-INFO:epoch: 22, dataset: Kvasir, dice: 0.9060000000000001]
[2023-03-21 02:54:38 PM-train.py-INFO:epoch: 22, dataset: CVC-ColonDB, dice: 0.7834389473684216]
[2023-03-21 02:55:01 PM-train.py-INFO:epoch: 22, dataset: ETIS-LaribPolypDB, dice: 0.7208892857142849]
[2023-03-21 02:58:37 PM-train.py-INFO:epoch: 23, dataset: CVC-300, dice: 0.8198883333333336]
[2023-03-21 02:58:39 PM-train.py-INFO:epoch: 23, dataset: CVC-ClinicDB, dice: 0.9037387096774193]
[2023-03-21 02:58:43 PM-train.py-INFO:epoch: 23, dataset: Kvasir, dice: 0.8953089999999999]
[2023-03-21 02:58:58 PM-train.py-INFO:epoch: 23, dataset: CVC-ColonDB, dice: 0.7277718421052638]
[2023-03-21 02:59:20 PM-train.py-INFO:epoch: 23, dataset: ETIS-LaribPolypDB, dice: 0.7149086734693878]
[2023-03-21 03:02:57 PM-train.py-INFO:epoch: 24, dataset: CVC-300, dice: 0.8464400000000001]
[2023-03-21 03:02:58 PM-train.py-INFO:epoch: 24, dataset: CVC-ClinicDB, dice: 0.9121225806451616]
[2023-03-21 03:03:02 PM-train.py-INFO:epoch: 24, dataset: Kvasir, dice: 0.8704910000000001]
[2023-03-21 03:03:17 PM-train.py-INFO:epoch: 24, dataset: CVC-ColonDB, dice: 0.7289247368421056]
[2023-03-21 03:03:39 PM-train.py-INFO:epoch: 24, dataset: ETIS-LaribPolypDB, dice: 0.7000010204081633]
[2023-03-21 03:07:09 PM-train.py-INFO:epoch: 25, dataset: CVC-300, dice: 0.8454550000000002]
[2023-03-21 03:07:10 PM-train.py-INFO:epoch: 25, dataset: CVC-ClinicDB, dice: 0.9165032258064515]
[2023-03-21 03:07:15 PM-train.py-INFO:epoch: 25, dataset: Kvasir, dice: 0.9095040000000002]
[2023-03-21 03:07:30 PM-train.py-INFO:epoch: 25, dataset: CVC-ColonDB, dice: 0.7700081578947371]
[2023-03-21 03:07:51 PM-train.py-INFO:epoch: 25, dataset: ETIS-LaribPolypDB, dice: 0.7327535714285716]
[2023-03-21 03:11:21 PM-train.py-INFO:epoch: 26, dataset: CVC-300, dice: 0.8442683333333332]
[2023-03-21 03:11:23 PM-train.py-INFO:epoch: 26, dataset: CVC-ClinicDB, dice: 0.9265887096774192]
[2023-03-21 03:11:27 PM-train.py-INFO:epoch: 26, dataset: Kvasir, dice: 0.9170970000000004]
[2023-03-21 03:11:43 PM-train.py-INFO:epoch: 26, dataset: CVC-ColonDB, dice: 0.7657894736842108]
[2023-03-21 03:12:06 PM-train.py-INFO:epoch: 26, dataset: ETIS-LaribPolypDB, dice: 0.7363484693877552]
[2023-03-21 03:15:37 PM-train.py-INFO:epoch: 27, dataset: CVC-300, dice: 0.8486700000000001]
[2023-03-21 03:15:39 PM-train.py-INFO:epoch: 27, dataset: CVC-ClinicDB, dice: 0.9190387096774194]
[2023-03-21 03:15:43 PM-train.py-INFO:epoch: 27, dataset: Kvasir, dice: 0.9181239999999997]
[2023-03-21 03:15:59 PM-train.py-INFO:epoch: 27, dataset: CVC-ColonDB, dice: 0.7753565789473691]
[2023-03-21 03:16:20 PM-train.py-INFO:epoch: 27, dataset: ETIS-LaribPolypDB, dice: 0.7119979591836739]
[2023-03-21 03:19:53 PM-train.py-INFO:epoch: 28, dataset: CVC-300, dice: 0.8617933333333333]
[2023-03-21 03:19:55 PM-train.py-INFO:epoch: 28, dataset: CVC-ClinicDB, dice: 0.9084725806451613]
[2023-03-21 03:19:59 PM-train.py-INFO:epoch: 28, dataset: Kvasir, dice: 0.9069080000000003]
[2023-03-21 03:20:14 PM-train.py-INFO:epoch: 28, dataset: CVC-ColonDB, dice: 0.7799528947368419]
[2023-03-21 03:20:37 PM-train.py-INFO:epoch: 28, dataset: ETIS-LaribPolypDB, dice: 0.7230775510204082]
[2023-03-21 03:24:02 PM-train.py-INFO:epoch: 29, dataset: CVC-300, dice: 0.8700816666666669]
[2023-03-21 03:24:04 PM-train.py-INFO:epoch: 29, dataset: CVC-ClinicDB, dice: 0.9173451612903224]
[2023-03-21 03:24:08 PM-train.py-INFO:epoch: 29, dataset: Kvasir, dice: 0.9203190000000001]
[2023-03-21 03:24:23 PM-train.py-INFO:epoch: 29, dataset: CVC-ColonDB, dice: 0.793560789473685]
[2023-03-21 03:24:46 PM-train.py-INFO:epoch: 29, dataset: ETIS-LaribPolypDB, dice: 0.7082392857142855]
[2023-03-21 03:24:46 PM-train.py-INFO:##############################################################################best:4.20954590314496 0.841909180628992]
[2023-03-21 03:28:10 PM-train.py-INFO:epoch: 30, dataset: CVC-300, dice: 0.8690549999999998]
[2023-03-21 03:28:12 PM-train.py-INFO:epoch: 30, dataset: CVC-ClinicDB, dice: 0.9176500000000002]
[2023-03-21 03:28:16 PM-train.py-INFO:epoch: 30, dataset: Kvasir, dice: 0.9163179999999999]
[2023-03-21 03:28:32 PM-train.py-INFO:epoch: 30, dataset: CVC-ColonDB, dice: 0.7810652631578952]
[2023-03-21 03:28:56 PM-train.py-INFO:epoch: 30, dataset: ETIS-LaribPolypDB, dice: 0.6946831632653062]
[2023-03-21 03:32:20 PM-train.py-INFO:epoch: 31, dataset: CVC-300, dice: 0.8659183333333332]
[2023-03-21 03:32:22 PM-train.py-INFO:epoch: 31, dataset: CVC-ClinicDB, dice: 0.9276645161290321]
[2023-03-21 03:32:26 PM-train.py-INFO:epoch: 31, dataset: Kvasir, dice: 0.9124599999999999]
[2023-03-21 03:32:41 PM-train.py-INFO:epoch: 31, dataset: CVC-ColonDB, dice: 0.7776273684210522]
[2023-03-21 03:33:03 PM-train.py-INFO:epoch: 31, dataset: ETIS-LaribPolypDB, dice: 0.6517183673469389]
[2023-03-21 03:36:33 PM-train.py-INFO:epoch: 32, dataset: CVC-300, dice: 0.8722449999999998]
[2023-03-21 03:36:35 PM-train.py-INFO:epoch: 32, dataset: CVC-ClinicDB, dice: 0.9352693548387098]
[2023-03-21 03:36:39 PM-train.py-INFO:epoch: 32, dataset: Kvasir, dice: 0.916758]
[2023-03-21 03:36:54 PM-train.py-INFO:epoch: 32, dataset: CVC-ColonDB, dice: 0.7965615789473687]
[2023-03-21 03:37:18 PM-train.py-INFO:epoch: 32, dataset: ETIS-LaribPolypDB, dice: 0.725794897959184]
[2023-03-21 03:37:18 PM-train.py-INFO:##############################################################################best:4.246628831745262 0.8493257663490524]
[2023-03-21 03:40:40 PM-train.py-INFO:epoch: 33, dataset: CVC-300, dice: 0.874948333333333]
[2023-03-21 03:40:42 PM-train.py-INFO:epoch: 33, dataset: CVC-ClinicDB, dice: 0.9373887096774193]
[2023-03-21 03:40:46 PM-train.py-INFO:epoch: 33, dataset: Kvasir, dice: 0.923867]
[2023-03-21 03:41:01 PM-train.py-INFO:epoch: 33, dataset: CVC-ColonDB, dice: 0.7938910526315794]
[2023-03-21 03:41:24 PM-train.py-INFO:epoch: 33, dataset: ETIS-LaribPolypDB, dice: 0.7071265306122451]
[2023-03-21 03:44:55 PM-train.py-INFO:epoch: 34, dataset: CVC-300, dice: 0.8299983333333336]
[2023-03-21 03:44:57 PM-train.py-INFO:epoch: 34, dataset: CVC-ClinicDB, dice: 0.8882016129032259]
[2023-03-21 03:45:01 PM-train.py-INFO:epoch: 34, dataset: Kvasir, dice: 0.890231]
[2023-03-21 03:45:16 PM-train.py-INFO:epoch: 34, dataset: CVC-ColonDB, dice: 0.7425749999999998]
[2023-03-21 03:45:38 PM-train.py-INFO:epoch: 34, dataset: ETIS-LaribPolypDB, dice: 0.627787244897959]
[2023-03-21 03:49:14 PM-train.py-INFO:epoch: 35, dataset: CVC-300, dice: 0.835895]
[2023-03-21 03:49:16 PM-train.py-INFO:epoch: 35, dataset: CVC-ClinicDB, dice: 0.9375935483870965]
[2023-03-21 03:49:20 PM-train.py-INFO:epoch: 35, dataset: Kvasir, dice: 0.914708]
[2023-03-21 03:49:35 PM-train.py-INFO:epoch: 35, dataset: CVC-ColonDB, dice: 0.7821621052631573]
[2023-03-21 03:49:57 PM-train.py-INFO:epoch: 35, dataset: ETIS-LaribPolypDB, dice: 0.7197020408163269]
[2023-03-21 03:53:28 PM-train.py-INFO:epoch: 36, dataset: CVC-300, dice: 0.8355616666666666]
[2023-03-21 03:53:29 PM-train.py-INFO:epoch: 36, dataset: CVC-ClinicDB, dice: 0.9384274193548389]
[2023-03-21 03:53:33 PM-train.py-INFO:epoch: 36, dataset: Kvasir, dice: 0.9214650000000002]
[2023-03-21 03:53:49 PM-train.py-INFO:epoch: 36, dataset: CVC-ColonDB, dice: 0.7770415789473687]
[2023-03-21 03:54:11 PM-train.py-INFO:epoch: 36, dataset: ETIS-LaribPolypDB, dice: 0.7069096938775514]
[2023-03-21 03:57:37 PM-train.py-INFO:epoch: 37, dataset: CVC-300, dice: 0.862195]
[2023-03-21 03:57:39 PM-train.py-INFO:epoch: 37, dataset: CVC-ClinicDB, dice: 0.9307451612903225]
[2023-03-21 03:57:43 PM-train.py-INFO:epoch: 37, dataset: Kvasir, dice: 0.9106450000000001]
[2023-03-21 03:57:58 PM-train.py-INFO:epoch: 37, dataset: CVC-ColonDB, dice: 0.7839165789473691]
[2023-03-21 03:58:20 PM-train.py-INFO:epoch: 37, dataset: ETIS-LaribPolypDB, dice: 0.7090556122448983]
[2023-03-21 04:01:53 PM-train.py-INFO:epoch: 38, dataset: CVC-300, dice: 0.8805733333333335]
[2023-03-21 04:01:55 PM-train.py-INFO:epoch: 38, dataset: CVC-ClinicDB, dice: 0.924358064516129]
[2023-03-21 04:01:59 PM-train.py-INFO:epoch: 38, dataset: Kvasir, dice: 0.911464]
[2023-03-21 04:02:15 PM-train.py-INFO:epoch: 38, dataset: CVC-ColonDB, dice: 0.7853823684210525]
[2023-03-21 04:02:37 PM-train.py-INFO:epoch: 38, dataset: ETIS-LaribPolypDB, dice: 0.7172551020408161]
[2023-03-21 04:06:06 PM-train.py-INFO:epoch: 39, dataset: CVC-300, dice: 0.8705283333333335]
[2023-03-21 04:06:07 PM-train.py-INFO:epoch: 39, dataset: CVC-ClinicDB, dice: 0.9365258064516128]
[2023-03-21 04:06:12 PM-train.py-INFO:epoch: 39, dataset: Kvasir, dice: 0.9233349999999999]
[2023-03-21 04:06:27 PM-train.py-INFO:epoch: 39, dataset: CVC-ColonDB, dice: 0.7883513157894745]
[2023-03-21 04:06:49 PM-train.py-INFO:epoch: 39, dataset: ETIS-LaribPolypDB, dice: 0.7230494897959184]
[2023-03-21 04:10:22 PM-train.py-INFO:epoch: 40, dataset: CVC-300, dice: 0.8670716666666667]
[2023-03-21 04:10:24 PM-train.py-INFO:epoch: 40, dataset: CVC-ClinicDB, dice: 0.9366661290322581]
[2023-03-21 04:10:28 PM-train.py-INFO:epoch: 40, dataset: Kvasir, dice: 0.9167219999999997]
[2023-03-21 04:10:43 PM-train.py-INFO:epoch: 40, dataset: CVC-ColonDB, dice: 0.7884721052631577]
[2023-03-21 04:11:05 PM-train.py-INFO:epoch: 40, dataset: ETIS-LaribPolypDB, dice: 0.7135372448979586]
[2023-03-21 04:14:37 PM-train.py-INFO:epoch: 41, dataset: CVC-300, dice: 0.8620533333333334]
[2023-03-21 04:14:39 PM-train.py-INFO:epoch: 41, dataset: CVC-ClinicDB, dice: 0.9261935483870968]
[2023-03-21 04:14:43 PM-train.py-INFO:epoch: 41, dataset: Kvasir, dice: 0.8986279999999998]
[2023-03-21 04:14:58 PM-train.py-INFO:epoch: 41, dataset: CVC-ColonDB, dice: 0.730112368421053]
[2023-03-21 04:15:21 PM-train.py-INFO:epoch: 41, dataset: ETIS-LaribPolypDB, dice: 0.6911525510204081]
[2023-03-21 04:18:55 PM-train.py-INFO:epoch: 42, dataset: CVC-300, dice: 0.870451666666667]
[2023-03-21 04:18:57 PM-train.py-INFO:epoch: 42, dataset: CVC-ClinicDB, dice: 0.9246903225806452]
[2023-03-21 04:19:01 PM-train.py-INFO:epoch: 42, dataset: Kvasir, dice: 0.9034529999999995]
[2023-03-21 04:19:17 PM-train.py-INFO:epoch: 42, dataset: CVC-ColonDB, dice: 0.7712594736842108]
[2023-03-21 04:19:38 PM-train.py-INFO:epoch: 42, dataset: ETIS-LaribPolypDB, dice: 0.7321413265306118]
[2023-03-21 04:23:11 PM-train.py-INFO:epoch: 43, dataset: CVC-300, dice: 0.87241]
[2023-03-21 04:23:13 PM-train.py-INFO:epoch: 43, dataset: CVC-ClinicDB, dice: 0.9347032258064514]
[2023-03-21 04:23:17 PM-train.py-INFO:epoch: 43, dataset: Kvasir, dice: 0.9107449999999999]
[2023-03-21 04:23:33 PM-train.py-INFO:epoch: 43, dataset: CVC-ColonDB, dice: 0.7748192105263154]
[2023-03-21 04:23:55 PM-train.py-INFO:epoch: 43, dataset: ETIS-LaribPolypDB, dice: 0.7278668367346937]
[2023-03-21 04:27:32 PM-train.py-INFO:epoch: 44, dataset: CVC-300, dice: 0.8558366666666668]
[2023-03-21 04:27:34 PM-train.py-INFO:epoch: 44, dataset: CVC-ClinicDB, dice: 0.9318822580645161]
[2023-03-21 04:27:38 PM-train.py-INFO:epoch: 44, dataset: Kvasir, dice: 0.9114810000000001]
[2023-03-21 04:27:53 PM-train.py-INFO:epoch: 44, dataset: CVC-ColonDB, dice: 0.7814678947368423]
[2023-03-21 04:28:15 PM-train.py-INFO:epoch: 44, dataset: ETIS-LaribPolypDB, dice: 0.7330285714285718]
[2023-03-21 04:31:48 PM-train.py-INFO:epoch: 45, dataset: CVC-300, dice: 0.8682499999999997]
[2023-03-21 04:31:50 PM-train.py-INFO:epoch: 45, dataset: CVC-ClinicDB, dice: 0.9264967741935481]
[2023-03-21 04:31:54 PM-train.py-INFO:epoch: 45, dataset: Kvasir, dice: 0.9080690000000001]
[2023-03-21 04:32:09 PM-train.py-INFO:epoch: 45, dataset: CVC-ColonDB, dice: 0.7682618421052632]
[2023-03-21 04:32:32 PM-train.py-INFO:epoch: 45, dataset: ETIS-LaribPolypDB, dice: 0.733322448979592]
[2023-03-21 04:36:01 PM-train.py-INFO:epoch: 46, dataset: CVC-300, dice: 0.8631650000000001]
[2023-03-21 04:36:03 PM-train.py-INFO:epoch: 46, dataset: CVC-ClinicDB, dice: 0.9334822580645162]
[2023-03-21 04:36:07 PM-train.py-INFO:epoch: 46, dataset: Kvasir, dice: 0.9163190000000001]
[2023-03-21 04:36:22 PM-train.py-INFO:epoch: 46, dataset: CVC-ColonDB, dice: 0.7811068421052632]
[2023-03-21 04:36:43 PM-train.py-INFO:epoch: 46, dataset: ETIS-LaribPolypDB, dice: 0.7309147959183675]
[2023-03-21 04:40:11 PM-train.py-INFO:epoch: 47, dataset: CVC-300, dice: 0.8493633333333331]
[2023-03-21 04:40:13 PM-train.py-INFO:epoch: 47, dataset: CVC-ClinicDB, dice: 0.9315064516129034]
[2023-03-21 04:40:17 PM-train.py-INFO:epoch: 47, dataset: Kvasir, dice: 0.911449]
[2023-03-21 04:40:32 PM-train.py-INFO:epoch: 47, dataset: CVC-ColonDB, dice: 0.7915860526315787]
[2023-03-21 04:40:55 PM-train.py-INFO:epoch: 47, dataset: ETIS-LaribPolypDB, dice: 0.7226015306122452]
[2023-03-21 04:44:18 PM-train.py-INFO:epoch: 48, dataset: CVC-300, dice: 0.8664633333333334]
[2023-03-21 04:44:20 PM-train.py-INFO:epoch: 48, dataset: CVC-ClinicDB, dice: 0.9346016129032255]
[2023-03-21 04:44:24 PM-train.py-INFO:epoch: 48, dataset: Kvasir, dice: 0.9120630000000002]
[2023-03-21 04:44:39 PM-train.py-INFO:epoch: 48, dataset: CVC-ColonDB, dice: 0.7639952631578938]
[2023-03-21 04:45:03 PM-train.py-INFO:epoch: 48, dataset: ETIS-LaribPolypDB, dice: 0.7118964285714288]
[2023-03-21 04:48:24 PM-train.py-INFO:epoch: 49, dataset: CVC-300, dice: 0.8382683333333335]
[2023-03-21 04:48:26 PM-train.py-INFO:epoch: 49, dataset: CVC-ClinicDB, dice: 0.9351016129032259]
[2023-03-21 04:48:30 PM-train.py-INFO:epoch: 49, dataset: Kvasir, dice: 0.9175670000000002]
[2023-03-21 04:48:45 PM-train.py-INFO:epoch: 49, dataset: CVC-ColonDB, dice: 0.7752802631578956]
[2023-03-21 04:49:07 PM-train.py-INFO:epoch: 49, dataset: ETIS-LaribPolypDB, dice: 0.7061622448979591]
[2023-03-21 04:52:36 PM-train.py-INFO:epoch: 50, dataset: CVC-300, dice: 0.8457783333333334]
[2023-03-21 04:52:38 PM-train.py-INFO:epoch: 50, dataset: CVC-ClinicDB, dice: 0.8801596774193549]
[2023-03-21 04:52:42 PM-train.py-INFO:epoch: 50, dataset: Kvasir, dice: 0.8822050000000004]
[2023-03-21 04:52:57 PM-train.py-INFO:epoch: 50, dataset: CVC-ColonDB, dice: 0.7322463157894743]
[2023-03-21 04:53:18 PM-train.py-INFO:epoch: 50, dataset: ETIS-LaribPolypDB, dice: 0.667641326530612]
[2023-03-21 04:56:48 PM-train.py-INFO:epoch: 51, dataset: CVC-300, dice: 0.8683333333333333]
[2023-03-21 04:56:49 PM-train.py-INFO:epoch: 51, dataset: CVC-ClinicDB, dice: 0.9184645161290321]
[2023-03-21 04:56:53 PM-train.py-INFO:epoch: 51, dataset: Kvasir, dice: 0.9063849999999998]
[2023-03-21 04:57:09 PM-train.py-INFO:epoch: 51, dataset: CVC-ColonDB, dice: 0.7486581578947377]
[2023-03-21 04:57:30 PM-train.py-INFO:epoch: 51, dataset: ETIS-LaribPolypDB, dice: 0.7235132653061227]
[2023-03-21 05:01:00 PM-train.py-INFO:epoch: 52, dataset: CVC-300, dice: 0.8429933333333334]
[2023-03-21 05:01:02 PM-train.py-INFO:epoch: 52, dataset: CVC-ClinicDB, dice: 0.9137532258064515]
[2023-03-21 05:01:06 PM-train.py-INFO:epoch: 52, dataset: Kvasir, dice: 0.9170180000000001]
[2023-03-21 05:01:21 PM-train.py-INFO:epoch: 52, dataset: CVC-ColonDB, dice: 0.7484405263157895]
[2023-03-21 05:01:44 PM-train.py-INFO:epoch: 52, dataset: ETIS-LaribPolypDB, dice: 0.6419760204081633]
[2023-03-21 05:05:13 PM-train.py-INFO:epoch: 53, dataset: CVC-300, dice: 0.8504683333333335]
[2023-03-21 05:05:15 PM-train.py-INFO:epoch: 53, dataset: CVC-ClinicDB, dice: 0.9260322580645164]
[2023-03-21 05:05:19 PM-train.py-INFO:epoch: 53, dataset: Kvasir, dice: 0.9203680000000002]
[2023-03-21 05:05:34 PM-train.py-INFO:epoch: 53, dataset: CVC-ColonDB, dice: 0.7653568421052627]
[2023-03-21 05:05:56 PM-train.py-INFO:epoch: 53, dataset: ETIS-LaribPolypDB, dice: 0.6735545918367346]
[2023-03-21 05:09:27 PM-train.py-INFO:epoch: 54, dataset: CVC-300, dice: 0.8500633333333333]
[2023-03-21 05:09:28 PM-train.py-INFO:epoch: 54, dataset: CVC-ClinicDB, dice: 0.9418693548387097]
[2023-03-21 05:09:33 PM-train.py-INFO:epoch: 54, dataset: Kvasir, dice: 0.9152139999999999]
[2023-03-21 05:09:48 PM-train.py-INFO:epoch: 54, dataset: CVC-ColonDB, dice: 0.7735705263157897]
[2023-03-21 05:10:10 PM-train.py-INFO:epoch: 54, dataset: ETIS-LaribPolypDB, dice: 0.7131566326530611]
[2023-03-21 05:13:42 PM-train.py-INFO:epoch: 55, dataset: CVC-300, dice: 0.8507650000000001]
[2023-03-21 05:13:43 PM-train.py-INFO:epoch: 55, dataset: CVC-ClinicDB, dice: 0.9314693548387101]
[2023-03-21 05:13:48 PM-train.py-INFO:epoch: 55, dataset: Kvasir, dice: 0.915278]
[2023-03-21 05:14:03 PM-train.py-INFO:epoch: 55, dataset: CVC-ColonDB, dice: 0.7572907894736844]
[2023-03-21 05:14:25 PM-train.py-INFO:epoch: 55, dataset: ETIS-LaribPolypDB, dice: 0.6570872448979591]
[2023-03-21 05:17:59 PM-train.py-INFO:epoch: 56, dataset: CVC-300, dice: 0.8558616666666665]
[2023-03-21 05:18:00 PM-train.py-INFO:epoch: 56, dataset: CVC-ClinicDB, dice: 0.9279661290322581]
[2023-03-21 05:18:04 PM-train.py-INFO:epoch: 56, dataset: Kvasir, dice: 0.9244140000000002]
[2023-03-21 05:18:20 PM-train.py-INFO:epoch: 56, dataset: CVC-ColonDB, dice: 0.7762171052631577]
[2023-03-21 05:18:42 PM-train.py-INFO:epoch: 56, dataset: ETIS-LaribPolypDB, dice: 0.709085204081632]
[2023-03-21 05:22:04 PM-train.py-INFO:epoch: 57, dataset: CVC-300, dice: 0.8519983333333336]
[2023-03-21 05:22:05 PM-train.py-INFO:epoch: 57, dataset: CVC-ClinicDB, dice: 0.9394290322580647]
[2023-03-21 05:22:09 PM-train.py-INFO:epoch: 57, dataset: Kvasir, dice: 0.9104440000000003]
[2023-03-21 05:22:25 PM-train.py-INFO:epoch: 57, dataset: CVC-ColonDB, dice: 0.7311150000000001]
[2023-03-21 05:22:48 PM-train.py-INFO:epoch: 57, dataset: ETIS-LaribPolypDB, dice: 0.6701760204081638]
[2023-03-21 05:26:21 PM-train.py-INFO:epoch: 58, dataset: CVC-300, dice: 0.8468916666666667]
[2023-03-21 05:26:23 PM-train.py-INFO:epoch: 58, dataset: CVC-ClinicDB, dice: 0.9278564516129034]
[2023-03-21 05:26:27 PM-train.py-INFO:epoch: 58, dataset: Kvasir, dice: 0.9269769999999997]
[2023-03-21 05:26:43 PM-train.py-INFO:epoch: 58, dataset: CVC-ColonDB, dice: 0.772803421052632]
[2023-03-21 05:27:04 PM-train.py-INFO:epoch: 58, dataset: ETIS-LaribPolypDB, dice: 0.7060525510204085]
[2023-03-21 05:30:32 PM-train.py-INFO:epoch: 59, dataset: CVC-300, dice: 0.8509033333333336]
[2023-03-21 05:30:34 PM-train.py-INFO:epoch: 59, dataset: CVC-ClinicDB, dice: 0.9408564516129031]
[2023-03-21 05:30:38 PM-train.py-INFO:epoch: 59, dataset: Kvasir, dice: 0.9260269999999997]
[2023-03-21 05:30:53 PM-train.py-INFO:epoch: 59, dataset: CVC-ColonDB, dice: 0.7716531578947364]
[2023-03-21 05:31:15 PM-train.py-INFO:epoch: 59, dataset: ETIS-LaribPolypDB, dice: 0.7171607142857143]
[2023-03-21 05:34:45 PM-train.py-INFO:epoch: 60, dataset: CVC-300, dice: 0.8575416666666664]
[2023-03-21 05:34:47 PM-train.py-INFO:epoch: 60, dataset: CVC-ClinicDB, dice: 0.9373774193548389]
[2023-03-21 05:34:51 PM-train.py-INFO:epoch: 60, dataset: Kvasir, dice: 0.9166430000000002]
[2023-03-21 05:35:07 PM-train.py-INFO:epoch: 60, dataset: CVC-ColonDB, dice: 0.7581836842105254]
[2023-03-21 05:35:29 PM-train.py-INFO:epoch: 60, dataset: ETIS-LaribPolypDB, dice: 0.6941877551020407]
[2023-03-21 05:38:58 PM-train.py-INFO:epoch: 61, dataset: CVC-300, dice: 0.8600066666666668]
[2023-03-21 05:39:00 PM-train.py-INFO:epoch: 61, dataset: CVC-ClinicDB, dice: 0.9311000000000001]
[2023-03-21 05:39:04 PM-train.py-INFO:epoch: 61, dataset: Kvasir, dice: 0.9272140000000003]
[2023-03-21 05:39:20 PM-train.py-INFO:epoch: 61, dataset: CVC-ColonDB, dice: 0.7831171052631568]
[2023-03-21 05:39:41 PM-train.py-INFO:epoch: 61, dataset: ETIS-LaribPolypDB, dice: 0.7124948979591832]
[2023-03-21 05:43:10 PM-train.py-INFO:epoch: 62, dataset: CVC-300, dice: 0.86378]
[2023-03-21 05:43:12 PM-train.py-INFO:epoch: 62, dataset: CVC-ClinicDB, dice: 0.932325806451613]
[2023-03-21 05:43:16 PM-train.py-INFO:epoch: 62, dataset: Kvasir, dice: 0.8803739999999999]
[2023-03-21 05:43:32 PM-train.py-INFO:epoch: 62, dataset: CVC-ColonDB, dice: 0.7060936842105278]
[2023-03-21 05:43:54 PM-train.py-INFO:epoch: 62, dataset: ETIS-LaribPolypDB, dice: 0.64756887755102]
[2023-03-21 05:47:23 PM-train.py-INFO:epoch: 63, dataset: CVC-300, dice: 0.8480966666666665]
[2023-03-21 05:47:24 PM-train.py-INFO:epoch: 63, dataset: CVC-ClinicDB, dice: 0.931474193548387]
[2023-03-21 05:47:29 PM-train.py-INFO:epoch: 63, dataset: Kvasir, dice: 0.9178689999999995]
[2023-03-21 05:47:44 PM-train.py-INFO:epoch: 63, dataset: CVC-ColonDB, dice: 0.7581949999999997]
[2023-03-21 05:48:06 PM-train.py-INFO:epoch: 63, dataset: ETIS-LaribPolypDB, dice: 0.6913265306122451]
[2023-03-21 05:51:34 PM-train.py-INFO:epoch: 64, dataset: CVC-300, dice: 0.86441]
[2023-03-21 05:51:36 PM-train.py-INFO:epoch: 64, dataset: CVC-ClinicDB, dice: 0.9178112903225808]
[2023-03-21 05:51:40 PM-train.py-INFO:epoch: 64, dataset: Kvasir, dice: 0.915152]
[2023-03-21 05:51:56 PM-train.py-INFO:epoch: 64, dataset: CVC-ColonDB, dice: 0.7622005263157896]
[2023-03-21 05:52:17 PM-train.py-INFO:epoch: 64, dataset: ETIS-LaribPolypDB, dice: 0.7439117346938773]
[2023-03-21 05:55:45 PM-train.py-INFO:epoch: 65, dataset: CVC-300, dice: 0.8669116666666666]
[2023-03-21 05:55:47 PM-train.py-INFO:epoch: 65, dataset: CVC-ClinicDB, dice: 0.9213258064516129]
[2023-03-21 05:55:51 PM-train.py-INFO:epoch: 65, dataset: Kvasir, dice: 0.9124909999999999]
[2023-03-21 05:56:06 PM-train.py-INFO:epoch: 65, dataset: CVC-ColonDB, dice: 0.7675315789473688]
[2023-03-21 05:56:28 PM-train.py-INFO:epoch: 65, dataset: ETIS-LaribPolypDB, dice: 0.7250841836734693]
[2023-03-21 05:59:58 PM-train.py-INFO:epoch: 66, dataset: CVC-300, dice: 0.8711366666666668]
[2023-03-21 06:00:00 PM-train.py-INFO:epoch: 66, dataset: CVC-ClinicDB, dice: 0.9385290322580648]
[2023-03-21 06:00:04 PM-train.py-INFO:epoch: 66, dataset: Kvasir, dice: 0.9207730000000002]
[2023-03-21 06:00:19 PM-train.py-INFO:epoch: 66, dataset: CVC-ColonDB, dice: 0.7739573684210527]
[2023-03-21 06:00:41 PM-train.py-INFO:epoch: 66, dataset: ETIS-LaribPolypDB, dice: 0.7253061224489797]
[2023-03-21 06:04:07 PM-train.py-INFO:epoch: 67, dataset: CVC-300, dice: 0.8590583333333333]
[2023-03-21 06:04:09 PM-train.py-INFO:epoch: 67, dataset: CVC-ClinicDB, dice: 0.9369032258064516]
[2023-03-21 06:04:13 PM-train.py-INFO:epoch: 67, dataset: Kvasir, dice: 0.9198720000000002]
[2023-03-21 06:04:29 PM-train.py-INFO:epoch: 67, dataset: CVC-ColonDB, dice: 0.7683907894736848]
[2023-03-21 06:04:52 PM-train.py-INFO:epoch: 67, dataset: ETIS-LaribPolypDB, dice: 0.7131081632653059]
[2023-03-21 06:08:16 PM-train.py-INFO:epoch: 68, dataset: CVC-300, dice: 0.85836]
[2023-03-21 06:08:17 PM-train.py-INFO:epoch: 68, dataset: CVC-ClinicDB, dice: 0.9198419354838709]
[2023-03-21 06:08:21 PM-train.py-INFO:epoch: 68, dataset: Kvasir, dice: 0.9121109999999998]
[2023-03-21 06:08:37 PM-train.py-INFO:epoch: 68, dataset: CVC-ColonDB, dice: 0.7506778947368428]
[2023-03-21 06:09:01 PM-train.py-INFO:epoch: 68, dataset: ETIS-LaribPolypDB, dice: 0.7280295918367352]
[2023-03-21 06:12:22 PM-train.py-INFO:epoch: 69, dataset: CVC-300, dice: 0.8479583333333329]
[2023-03-21 06:12:24 PM-train.py-INFO:epoch: 69, dataset: CVC-ClinicDB, dice: 0.9289629032258065]
[2023-03-21 06:12:28 PM-train.py-INFO:epoch: 69, dataset: Kvasir, dice: 0.9199470000000001]
[2023-03-21 06:12:44 PM-train.py-INFO:epoch: 69, dataset: CVC-ColonDB, dice: 0.772221842105263]
[2023-03-21 06:13:08 PM-train.py-INFO:epoch: 69, dataset: ETIS-LaribPolypDB, dice: 0.6995586734693874]
[2023-03-21 06:16:29 PM-train.py-INFO:epoch: 70, dataset: CVC-300, dice: 0.8639950000000003]
[2023-03-21 06:16:31 PM-train.py-INFO:epoch: 70, dataset: CVC-ClinicDB, dice: 0.9354887096774194]
[2023-03-21 06:16:35 PM-train.py-INFO:epoch: 70, dataset: Kvasir, dice: 0.9181950000000004]
[2023-03-21 06:16:50 PM-train.py-INFO:epoch: 70, dataset: CVC-ColonDB, dice: 0.774663684210527]
[2023-03-21 06:17:14 PM-train.py-INFO:epoch: 70, dataset: ETIS-LaribPolypDB, dice: 0.7357617346938776]
[2023-03-21 06:20:37 PM-train.py-INFO:epoch: 71, dataset: CVC-300, dice: 0.8609500000000002]
[2023-03-21 06:20:39 PM-train.py-INFO:epoch: 71, dataset: CVC-ClinicDB, dice: 0.9194951612903225]
[2023-03-21 06:20:43 PM-train.py-INFO:epoch: 71, dataset: Kvasir, dice: 0.911629]
[2023-03-21 06:20:58 PM-train.py-INFO:epoch: 71, dataset: CVC-ColonDB, dice: 0.7474868421052635]
[2023-03-21 06:21:22 PM-train.py-INFO:epoch: 71, dataset: ETIS-LaribPolypDB, dice: 0.6826535714285713]
[2023-03-21 06:24:44 PM-train.py-INFO:epoch: 72, dataset: CVC-300, dice: 0.8660149999999999]
[2023-03-21 06:24:46 PM-train.py-INFO:epoch: 72, dataset: CVC-ClinicDB, dice: 0.9263080645161289]
[2023-03-21 06:24:50 PM-train.py-INFO:epoch: 72, dataset: Kvasir, dice: 0.9205719999999996]
[2023-03-21 06:25:06 PM-train.py-INFO:epoch: 72, dataset: CVC-ColonDB, dice: 0.7588378947368414]
[2023-03-21 06:25:30 PM-train.py-INFO:epoch: 72, dataset: ETIS-LaribPolypDB, dice: 0.7011142857142854]
[2023-03-21 06:28:51 PM-train.py-INFO:epoch: 73, dataset: CVC-300, dice: 0.8617800000000002]
[2023-03-21 06:28:53 PM-train.py-INFO:epoch: 73, dataset: CVC-ClinicDB, dice: 0.926767741935484]
[2023-03-21 06:28:57 PM-train.py-INFO:epoch: 73, dataset: Kvasir, dice: 0.9246190000000002]
[2023-03-21 06:29:12 PM-train.py-INFO:epoch: 73, dataset: CVC-ColonDB, dice: 0.7669926315789474]
[2023-03-21 06:29:36 PM-train.py-INFO:epoch: 73, dataset: ETIS-LaribPolypDB, dice: 0.708514285714286]
[2023-03-21 06:32:59 PM-train.py-INFO:epoch: 74, dataset: CVC-300, dice: 0.8561750000000001]
[2023-03-21 06:33:01 PM-train.py-INFO:epoch: 74, dataset: CVC-ClinicDB, dice: 0.9308693548387097]
[2023-03-21 06:33:05 PM-train.py-INFO:epoch: 74, dataset: Kvasir, dice: 0.9214120000000005]
[2023-03-21 06:33:20 PM-train.py-INFO:epoch: 74, dataset: CVC-ColonDB, dice: 0.7671347368421053]
[2023-03-21 06:33:43 PM-train.py-INFO:epoch: 74, dataset: ETIS-LaribPolypDB, dice: 0.7035755102040816]
[2023-03-21 06:37:05 PM-train.py-INFO:epoch: 75, dataset: CVC-300, dice: 0.8594233333333333]
[2023-03-21 06:37:06 PM-train.py-INFO:epoch: 75, dataset: CVC-ClinicDB, dice: 0.9307806451612902]
[2023-03-21 06:37:10 PM-train.py-INFO:epoch: 75, dataset: Kvasir, dice: 0.9162660000000004]
[2023-03-21 06:37:26 PM-train.py-INFO:epoch: 75, dataset: CVC-ColonDB, dice: 0.7753581578947372]
[2023-03-21 06:37:49 PM-train.py-INFO:epoch: 75, dataset: ETIS-LaribPolypDB, dice: 0.7181852040816328]
[2023-03-21 06:41:10 PM-train.py-INFO:epoch: 76, dataset: CVC-300, dice: 0.858928333333333]
[2023-03-21 06:41:12 PM-train.py-INFO:epoch: 76, dataset: CVC-ClinicDB, dice: 0.9285145161290322]
[2023-03-21 06:41:16 PM-train.py-INFO:epoch: 76, dataset: Kvasir, dice: 0.9183100000000004]
[2023-03-21 06:41:32 PM-train.py-INFO:epoch: 76, dataset: CVC-ColonDB, dice: 0.7865800000000007]
[2023-03-21 06:41:55 PM-train.py-INFO:epoch: 76, dataset: ETIS-LaribPolypDB, dice: 0.7406505102040816]
[2023-03-21 06:45:18 PM-train.py-INFO:epoch: 77, dataset: CVC-300, dice: 0.8582933333333335]
[2023-03-21 06:45:20 PM-train.py-INFO:epoch: 77, dataset: CVC-ClinicDB, dice: 0.9309516129032258]
[2023-03-21 06:45:24 PM-train.py-INFO:epoch: 77, dataset: Kvasir, dice: 0.9217609999999996]
[2023-03-21 06:45:39 PM-train.py-INFO:epoch: 77, dataset: CVC-ColonDB, dice: 0.782397631578948]
[2023-03-21 06:46:03 PM-train.py-INFO:epoch: 77, dataset: ETIS-LaribPolypDB, dice: 0.7207841836734696]
[2023-03-21 06:49:24 PM-train.py-INFO:epoch: 78, dataset: CVC-300, dice: 0.8374816666666668]
[2023-03-21 06:49:26 PM-train.py-INFO:epoch: 78, dataset: CVC-ClinicDB, dice: 0.9038741935483869]
[2023-03-21 06:49:30 PM-train.py-INFO:epoch: 78, dataset: Kvasir, dice: 0.8781790000000003]
[2023-03-21 06:49:45 PM-train.py-INFO:epoch: 78, dataset: CVC-ColonDB, dice: 0.7238615789473677]
[2023-03-21 06:50:09 PM-train.py-INFO:epoch: 78, dataset: ETIS-LaribPolypDB, dice: 0.7002438775510204]
[2023-03-21 06:53:31 PM-train.py-INFO:epoch: 79, dataset: CVC-300, dice: 0.8469050000000001]
[2023-03-21 06:53:32 PM-train.py-INFO:epoch: 79, dataset: CVC-ClinicDB, dice: 0.9127548387096777]
[2023-03-21 06:53:37 PM-train.py-INFO:epoch: 79, dataset: Kvasir, dice: 0.9070279999999995]
[2023-03-21 06:53:52 PM-train.py-INFO:epoch: 79, dataset: CVC-ColonDB, dice: 0.7734818421052622]
[2023-03-21 06:54:16 PM-train.py-INFO:epoch: 79, dataset: ETIS-LaribPolypDB, dice: 0.6907214285714286]
[2023-03-21 06:57:39 PM-train.py-INFO:epoch: 80, dataset: CVC-300, dice: 0.8619966666666665]
[2023-03-21 06:57:40 PM-train.py-INFO:epoch: 80, dataset: CVC-ClinicDB, dice: 0.9036403225806452]
[2023-03-21 06:57:45 PM-train.py-INFO:epoch: 80, dataset: Kvasir, dice: 0.9069400000000001]
[2023-03-21 06:58:00 PM-train.py-INFO:epoch: 80, dataset: CVC-ColonDB, dice: 0.7631828947368423]
[2023-03-21 06:58:24 PM-train.py-INFO:epoch: 80, dataset: ETIS-LaribPolypDB, dice: 0.6945612244897958]
[2023-03-21 07:01:45 PM-train.py-INFO:epoch: 81, dataset: CVC-300, dice: 0.8494266666666664]
[2023-03-21 07:01:47 PM-train.py-INFO:epoch: 81, dataset: CVC-ClinicDB, dice: 0.916393548387097]
[2023-03-21 07:01:51 PM-train.py-INFO:epoch: 81, dataset: Kvasir, dice: 0.9151629999999998]
[2023-03-21 07:02:06 PM-train.py-INFO:epoch: 81, dataset: CVC-ColonDB, dice: 0.76586052631579]
[2023-03-21 07:02:30 PM-train.py-INFO:epoch: 81, dataset: ETIS-LaribPolypDB, dice: 0.7158566326530613]
[2023-03-21 07:05:52 PM-train.py-INFO:epoch: 82, dataset: CVC-300, dice: 0.8740016666666667]
[2023-03-21 07:05:53 PM-train.py-INFO:epoch: 82, dataset: CVC-ClinicDB, dice: 0.9300290322580648]
[2023-03-21 07:05:57 PM-train.py-INFO:epoch: 82, dataset: Kvasir, dice: 0.9223459999999999]
[2023-03-21 07:06:13 PM-train.py-INFO:epoch: 82, dataset: CVC-ColonDB, dice: 0.7787168421052632]
[2023-03-21 07:06:36 PM-train.py-INFO:epoch: 82, dataset: ETIS-LaribPolypDB, dice: 0.7443683673469386]
[2023-03-21 07:06:36 PM-train.py-INFO:##############################################################################best:4.249461908376933 0.8498923816753866]
[2023-03-21 07:09:59 PM-train.py-INFO:epoch: 83, dataset: CVC-300, dice: 0.8790999999999998]
[2023-03-21 07:10:01 PM-train.py-INFO:epoch: 83, dataset: CVC-ClinicDB, dice: 0.9266580645161288]
[2023-03-21 07:10:05 PM-train.py-INFO:epoch: 83, dataset: Kvasir, dice: 0.9135060000000002]
[2023-03-21 07:10:21 PM-train.py-INFO:epoch: 83, dataset: CVC-ColonDB, dice: 0.7675773684210526]
[2023-03-21 07:10:44 PM-train.py-INFO:epoch: 83, dataset: ETIS-LaribPolypDB, dice: 0.7413382653061223]
[2023-03-21 07:14:06 PM-train.py-INFO:epoch: 84, dataset: CVC-300, dice: 0.8664533333333331]
[2023-03-21 07:14:07 PM-train.py-INFO:epoch: 84, dataset: CVC-ClinicDB, dice: 0.9291854838709677]
[2023-03-21 07:14:12 PM-train.py-INFO:epoch: 84, dataset: Kvasir, dice: 0.9200410000000003]
[2023-03-21 07:14:27 PM-train.py-INFO:epoch: 84, dataset: CVC-ColonDB, dice: 0.7711210526315806]
[2023-03-21 07:14:51 PM-train.py-INFO:epoch: 84, dataset: ETIS-LaribPolypDB, dice: 0.7277270408163269]
[2023-03-21 07:18:12 PM-train.py-INFO:epoch: 85, dataset: CVC-300, dice: 0.8790599999999996]
[2023-03-21 07:18:14 PM-train.py-INFO:epoch: 85, dataset: CVC-ClinicDB, dice: 0.9270951612903224]
[2023-03-21 07:18:18 PM-train.py-INFO:epoch: 85, dataset: Kvasir, dice: 0.9250199999999998]
[2023-03-21 07:18:34 PM-train.py-INFO:epoch: 85, dataset: CVC-ColonDB, dice: 0.7756384210526318]
[2023-03-21 07:18:57 PM-train.py-INFO:epoch: 85, dataset: ETIS-LaribPolypDB, dice: 0.7372061224489793]
[2023-03-21 07:22:27 PM-train.py-INFO:epoch: 86, dataset: CVC-300, dice: 0.8799283333333334]
[2023-03-21 07:22:29 PM-train.py-INFO:epoch: 86, dataset: CVC-ClinicDB, dice: 0.9265467741935486]
[2023-03-21 07:22:33 PM-train.py-INFO:epoch: 86, dataset: Kvasir, dice: 0.9229060000000001]
[2023-03-21 07:22:49 PM-train.py-INFO:epoch: 86, dataset: CVC-ColonDB, dice: 0.7750481578947366]
[2023-03-21 07:23:11 PM-train.py-INFO:epoch: 86, dataset: ETIS-LaribPolypDB, dice: 0.7157897959183677]
[2023-03-21 07:26:48 PM-train.py-INFO:epoch: 87, dataset: CVC-300, dice: 0.8695850000000002]
[2023-03-21 07:26:49 PM-train.py-INFO:epoch: 87, dataset: CVC-ClinicDB, dice: 0.9293354838709673]
[2023-03-21 07:26:54 PM-train.py-INFO:epoch: 87, dataset: Kvasir, dice: 0.914444]
[2023-03-21 07:27:09 PM-train.py-INFO:epoch: 87, dataset: CVC-ColonDB, dice: 0.7772426315789471]
[2023-03-21 07:27:31 PM-train.py-INFO:epoch: 87, dataset: ETIS-LaribPolypDB, dice: 0.711380102040817]
[2023-03-21 07:31:07 PM-train.py-INFO:epoch: 88, dataset: CVC-300, dice: 0.8590866666666663]
[2023-03-21 07:31:09 PM-train.py-INFO:epoch: 88, dataset: CVC-ClinicDB, dice: 0.940067741935484]
[2023-03-21 07:31:13 PM-train.py-INFO:epoch: 88, dataset: Kvasir, dice: 0.9232700000000004]
[2023-03-21 07:31:28 PM-train.py-INFO:epoch: 88, dataset: CVC-ColonDB, dice: 0.7952331578947366]
[2023-03-21 07:31:50 PM-train.py-INFO:epoch: 88, dataset: ETIS-LaribPolypDB, dice: 0.710609183673469]
[2023-03-21 07:35:24 PM-train.py-INFO:epoch: 89, dataset: CVC-300, dice: 0.8432016666666667]
[2023-03-21 07:35:26 PM-train.py-INFO:epoch: 89, dataset: CVC-ClinicDB, dice: 0.9273112903225808]
[2023-03-21 07:35:30 PM-train.py-INFO:epoch: 89, dataset: Kvasir, dice: 0.9001930000000005]
[2023-03-21 07:35:45 PM-train.py-INFO:epoch: 89, dataset: CVC-ColonDB, dice: 0.7295894736842106]
[2023-03-21 07:36:07 PM-train.py-INFO:epoch: 89, dataset: ETIS-LaribPolypDB, dice: 0.6526984693877553]
[2023-03-21 07:39:44 PM-train.py-INFO:epoch: 90, dataset: CVC-300, dice: 0.8812666666666664]
[2023-03-21 07:39:45 PM-train.py-INFO:epoch: 90, dataset: CVC-ClinicDB, dice: 0.9241370967741934]
[2023-03-21 07:39:50 PM-train.py-INFO:epoch: 90, dataset: Kvasir, dice: 0.9112340000000004]
[2023-03-21 07:40:05 PM-train.py-INFO:epoch: 90, dataset: CVC-ColonDB, dice: 0.7683736842105267]
[2023-03-21 07:40:27 PM-train.py-INFO:epoch: 90, dataset: ETIS-LaribPolypDB, dice: 0.7148040816326526]
[2023-03-21 07:44:03 PM-train.py-INFO:epoch: 91, dataset: CVC-300, dice: 0.8781933333333335]
[2023-03-21 07:44:05 PM-train.py-INFO:epoch: 91, dataset: CVC-ClinicDB, dice: 0.9236080645161288]
[2023-03-21 07:44:09 PM-train.py-INFO:epoch: 91, dataset: Kvasir, dice: 0.909992]
[2023-03-21 07:44:24 PM-train.py-INFO:epoch: 91, dataset: CVC-ColonDB, dice: 0.7783089473684216]
[2023-03-21 07:44:46 PM-train.py-INFO:epoch: 91, dataset: ETIS-LaribPolypDB, dice: 0.7105872448979592]
[2023-03-21 07:48:20 PM-train.py-INFO:epoch: 92, dataset: CVC-300, dice: 0.8826499999999999]
[2023-03-21 07:48:21 PM-train.py-INFO:epoch: 92, dataset: CVC-ClinicDB, dice: 0.9238661290322582]
[2023-03-21 07:48:26 PM-train.py-INFO:epoch: 92, dataset: Kvasir, dice: 0.9180609999999999]
[2023-03-21 07:48:41 PM-train.py-INFO:epoch: 92, dataset: CVC-ColonDB, dice: 0.7815497368421047]
[2023-03-21 07:49:04 PM-train.py-INFO:epoch: 92, dataset: ETIS-LaribPolypDB, dice: 0.7179852040816328]
[2023-03-21 07:52:36 PM-train.py-INFO:epoch: 93, dataset: CVC-300, dice: 0.8812433333333334]
[2023-03-21 07:52:38 PM-train.py-INFO:epoch: 93, dataset: CVC-ClinicDB, dice: 0.9186677419354841]
[2023-03-21 07:52:42 PM-train.py-INFO:epoch: 93, dataset: Kvasir, dice: 0.9128730000000002]
[2023-03-21 07:52:58 PM-train.py-INFO:epoch: 93, dataset: CVC-ColonDB, dice: 0.7671263157894745]
[2023-03-21 07:53:20 PM-train.py-INFO:epoch: 93, dataset: ETIS-LaribPolypDB, dice: 0.6806535714285715]
[2023-03-21 07:56:52 PM-train.py-INFO:epoch: 94, dataset: CVC-300, dice: 0.8716399999999999]
[2023-03-21 07:56:54 PM-train.py-INFO:epoch: 94, dataset: CVC-ClinicDB, dice: 0.9002532258064515]
[2023-03-21 07:56:58 PM-train.py-INFO:epoch: 94, dataset: Kvasir, dice: 0.9091849999999999]
[2023-03-21 07:57:14 PM-train.py-INFO:epoch: 94, dataset: CVC-ColonDB, dice: 0.7670215789473682]
[2023-03-21 07:57:36 PM-train.py-INFO:epoch: 94, dataset: ETIS-LaribPolypDB, dice: 0.7208632653061227]
[2023-03-21 08:01:11 PM-train.py-INFO:epoch: 95, dataset: CVC-300, dice: 0.8919050000000001]
[2023-03-21 08:01:13 PM-train.py-INFO:epoch: 95, dataset: CVC-ClinicDB, dice: 0.9144016129032263]
[2023-03-21 08:01:17 PM-train.py-INFO:epoch: 95, dataset: Kvasir, dice: 0.9112859999999998]
[2023-03-21 08:01:32 PM-train.py-INFO:epoch: 95, dataset: CVC-ColonDB, dice: 0.7661821052631583]
[2023-03-21 08:01:54 PM-train.py-INFO:epoch: 95, dataset: ETIS-LaribPolypDB, dice: 0.7265790816326531]
[2023-03-21 08:05:26 PM-train.py-INFO:epoch: 96, dataset: CVC-300, dice: 0.8710516666666667]
[2023-03-21 08:05:27 PM-train.py-INFO:epoch: 96, dataset: CVC-ClinicDB, dice: 0.9186516129032257]
[2023-03-21 08:05:32 PM-train.py-INFO:epoch: 96, dataset: Kvasir, dice: 0.915595]
[2023-03-21 08:05:48 PM-train.py-INFO:epoch: 96, dataset: CVC-ColonDB, dice: 0.7657271052631573]
[2023-03-21 08:06:10 PM-train.py-INFO:epoch: 96, dataset: ETIS-LaribPolypDB, dice: 0.7111127551020409]
[2023-03-21 08:09:35 PM-train.py-INFO:epoch: 97, dataset: CVC-300, dice: 0.8714216666666664]
[2023-03-21 08:09:36 PM-train.py-INFO:epoch: 97, dataset: CVC-ClinicDB, dice: 0.9239354838709679]
[2023-03-21 08:09:41 PM-train.py-INFO:epoch: 97, dataset: Kvasir, dice: 0.9229290000000003]
[2023-03-21 08:09:56 PM-train.py-INFO:epoch: 97, dataset: CVC-ColonDB, dice: 0.7787150000000002]
[2023-03-21 08:10:18 PM-train.py-INFO:epoch: 97, dataset: ETIS-LaribPolypDB, dice: 0.720312755102041]
[2023-03-21 08:13:44 PM-train.py-INFO:epoch: 98, dataset: CVC-300, dice: 0.8870500000000001]
[2023-03-21 08:13:45 PM-train.py-INFO:epoch: 98, dataset: CVC-ClinicDB, dice: 0.9330725806451609]
[2023-03-21 08:13:49 PM-train.py-INFO:epoch: 98, dataset: Kvasir, dice: 0.9206689999999998]
[2023-03-21 08:14:05 PM-train.py-INFO:epoch: 98, dataset: CVC-ColonDB, dice: 0.7761000000000005]
[2023-03-21 08:14:27 PM-train.py-INFO:epoch: 98, dataset: ETIS-LaribPolypDB, dice: 0.738352040816326]
[2023-03-21 08:14:27 PM-train.py-INFO:##############################################################################best:4.255243621461487 0.8510487242922974]
[2023-03-21 08:17:52 PM-train.py-INFO:epoch: 99, dataset: CVC-300, dice: 0.8820666666666669]
[2023-03-21 08:17:53 PM-train.py-INFO:epoch: 99, dataset: CVC-ClinicDB, dice: 0.9278564516129033]
[2023-03-21 08:17:57 PM-train.py-INFO:epoch: 99, dataset: Kvasir, dice: 0.9190589999999996]
[2023-03-21 08:18:13 PM-train.py-INFO:epoch: 99, dataset: CVC-ColonDB, dice: 0.7868268421052632]
[2023-03-21 08:18:35 PM-train.py-INFO:epoch: 99, dataset: ETIS-LaribPolypDB, dice: 0.7318938775510205]
